SF:/Users/ekhodzitsky/Documents/personal/gigastt/crates/gigastt-core/src/error.rs
FN:19,_RNvMNtCs56NpsMUp9BL_12gigastt_core5errorNtB2_9ModelPath3new
FN:34,_RNvMNtCs56NpsMUp9BL_12gigastt_core5errorNtB2_9ModelPath6as_str
FN:49,_RNvMs_NtCs56NpsMUp9BL_12gigastt_core5errorNtB4_6Reason3new
FN:61,_RNvMs_NtCs56NpsMUp9BL_12gigastt_core5errorNtB4_6Reason6as_str
FN:169,_RNvNtNtCscGbmKBa7Tyy_12gigastt_core5error5testss_15test_display_io
FN:188,_RNvNtNtCscGbmKBa7Tyy_12gigastt_core5error5testss_16test_into_anyhow
FN:175,_RNvNtNtCscGbmKBa7Tyy_12gigastt_core5error5testss_18test_from_io_error
FN:182,_RNvNtNtCscGbmKBa7Tyy_12gigastt_core5error5testss_20test_error_source_io
FN:153,_RNvNtNtCscGbmKBa7Tyy_12gigastt_core5error5testss_22test_display_inference
FN:144,_RNvNtNtCscGbmKBa7Tyy_12gigastt_core5error5testss_23test_display_model_load
FN:138,_RNvNtNtCscGbmKBa7Tyy_12gigastt_core5error5testss_25test_reason_accepts_valid
FN:133,_RNvNtNtCscGbmKBa7Tyy_12gigastt_core5error5testss_25test_reason_rejects_empty
FN:161,_RNvNtNtCscGbmKBa7Tyy_12gigastt_core5error5testss_26test_display_invalid_audio
FN:127,_RNvNtNtCscGbmKBa7Tyy_12gigastt_core5error5testss_29test_model_path_accepts_valid
FN:122,_RNvNtNtCscGbmKBa7Tyy_12gigastt_core5error5testss_29test_model_path_rejects_empty
FN:190,_RNvNvNtNtCscGbmKBa7Tyy_12gigastt_core5error5testss_16test_into_anyhow14returns_anyhow
FN:19,_RNvMNtCscGbmKBa7Tyy_12gigastt_core5errorNtB2_9ModelPath3new
FN:34,_RNvMNtCscGbmKBa7Tyy_12gigastt_core5errorNtB2_9ModelPath6as_str
FN:49,_RNvMs_NtCscGbmKBa7Tyy_12gigastt_core5errorNtB4_6Reason3new
FN:61,_RNvMs_NtCscGbmKBa7Tyy_12gigastt_core5errorNtB4_6Reason6as_str
FNDA:0,_RNvMNtCs56NpsMUp9BL_12gigastt_core5errorNtB2_9ModelPath3new
FNDA:0,_RNvMNtCs56NpsMUp9BL_12gigastt_core5errorNtB2_9ModelPath6as_str
FNDA:0,_RNvMs_NtCs56NpsMUp9BL_12gigastt_core5errorNtB4_6Reason3new
FNDA:0,_RNvMs_NtCs56NpsMUp9BL_12gigastt_core5errorNtB4_6Reason6as_str
FNDA:1,_RNvNtNtCscGbmKBa7Tyy_12gigastt_core5error5testss_15test_display_io
FNDA:1,_RNvNtNtCscGbmKBa7Tyy_12gigastt_core5error5testss_16test_into_anyhow
FNDA:1,_RNvNtNtCscGbmKBa7Tyy_12gigastt_core5error5testss_18test_from_io_error
FNDA:1,_RNvNtNtCscGbmKBa7Tyy_12gigastt_core5error5testss_20test_error_source_io
FNDA:1,_RNvNtNtCscGbmKBa7Tyy_12gigastt_core5error5testss_22test_display_inference
FNDA:1,_RNvNtNtCscGbmKBa7Tyy_12gigastt_core5error5testss_23test_display_model_load
FNDA:1,_RNvNtNtCscGbmKBa7Tyy_12gigastt_core5error5testss_25test_reason_accepts_valid
FNDA:1,_RNvNtNtCscGbmKBa7Tyy_12gigastt_core5error5testss_25test_reason_rejects_empty
FNDA:1,_RNvNtNtCscGbmKBa7Tyy_12gigastt_core5error5testss_26test_display_invalid_audio
FNDA:1,_RNvNtNtCscGbmKBa7Tyy_12gigastt_core5error5testss_29test_model_path_accepts_valid
FNDA:1,_RNvNtNtCscGbmKBa7Tyy_12gigastt_core5error5testss_29test_model_path_rejects_empty
FNDA:1,_RNvNvNtNtCscGbmKBa7Tyy_12gigastt_core5error5testss_16test_into_anyhow14returns_anyhow
FNDA:2,_RNvMNtCscGbmKBa7Tyy_12gigastt_core5errorNtB2_9ModelPath3new
FNDA:1,_RNvMNtCscGbmKBa7Tyy_12gigastt_core5errorNtB2_9ModelPath6as_str
FNDA:2,_RNvMs_NtCscGbmKBa7Tyy_12gigastt_core5errorNtB4_6Reason3new
FNDA:1,_RNvMs_NtCscGbmKBa7Tyy_12gigastt_core5errorNtB4_6Reason6as_str
FNF:16
FNH:16
DA:19,2
DA:20,2
DA:21,1
DA:22,1
DA:23,1
DA:24,1
DA:25,1
DA:26,2
DA:34,1
DA:35,1
DA:36,1
DA:49,2
DA:50,2
DA:51,1
DA:52,1
DA:53,1
DA:54,1
DA:55,1
DA:56,2
DA:61,1
DA:62,1
DA:63,1
DA:122,1
DA:123,1
DA:124,1
DA:127,1
DA:128,1
DA:129,1
DA:130,1
DA:133,1
DA:134,1
DA:135,1
DA:138,1
DA:139,1
DA:140,1
DA:141,1
DA:144,1
DA:145,1
DA:146,1
DA:147,1
DA:148,1
DA:149,1
DA:150,1
DA:153,1
DA:154,1
DA:155,1
DA:156,1
DA:157,1
DA:158,1
DA:161,1
DA:162,1
DA:163,1
DA:164,1
DA:165,1
DA:166,1
DA:169,1
DA:170,1
DA:171,1
DA:172,1
DA:175,1
DA:176,1
DA:177,1
DA:178,1
DA:179,1
DA:182,1
DA:183,1
DA:184,1
DA:185,1
DA:188,1
DA:190,1
DA:191,1
DA:192,1
DA:193,1
DA:194,0
DA:195,1
DA:196,1
DA:197,1
BRF:0
BRH:0
LF:77
LH:76
end_of_record
SF:/Users/ekhodzitsky/Documents/personal/gigastt/crates/gigastt-core/src/inference/audio.rs
FN:35,_RNvMNtNtCs56NpsMUp9BL_12gigastt_core9inference5audioNtB2_10SampleRate3get
FN:25,_RNvMNtNtCs56NpsMUp9BL_12gigastt_core9inference5audioNtB2_10SampleRate3new
FN:58,_RNvMs_NtNtCs56NpsMUp9BL_12gigastt_core9inference5audioNtB4_16BytesMediaSource3new
FN:123,_RNvNtNtCs56NpsMUp9BL_12gigastt_core9inference5audio17decode_audio_file
FN:162,_RNvNtNtCs56NpsMUp9BL_12gigastt_core9inference5audio18decode_audio_bytes
FN:192,_RNvNtNtCs56NpsMUp9BL_12gigastt_core9inference5audio18decode_audio_inner
FN:383,_RNvNtNtCs56NpsMUp9BL_12gigastt_core9inference5audio19resample_with_cache
FN:538,_RNvNtNtCs56NpsMUp9BL_12gigastt_core9inference5audio20consume_audio_buffer
FN:516,_RNvNtNtCs56NpsMUp9BL_12gigastt_core9inference5audio20prepare_audio_buffer
FN:457,_RNvNtNtCs56NpsMUp9BL_12gigastt_core9inference5audio22parse_pcm16_with_carry
FN:184,_RNvNtNtCs56NpsMUp9BL_12gigastt_core9inference5audio25decode_audio_bytes_shared
FN:467,_RNvNtNtCs56NpsMUp9BL_12gigastt_core9inference5audio27parse_pcm16_with_carry_into
FN:316,_RNvNtNtCs56NpsMUp9BL_12gigastt_core9inference5audio8resample
FN:64,_RNvXs0_NtNtCs56NpsMUp9BL_12gigastt_core9inference5audioNtB5_16BytesMediaSourceNtNtCsg55jX0GwzBC_3std2io4Read4read
FN:79,_RNvXs1_NtNtCs56NpsMUp9BL_12gigastt_core9inference5audioNtB5_16BytesMediaSourceNtNtCsg55jX0GwzBC_3std2io4Seek4seek
FN:100,_RNvXs2_NtNtCs56NpsMUp9BL_12gigastt_core9inference5audioNtB5_16BytesMediaSourceNtNtCsiQ6Io2XfqB8_14symphonia_core2io11MediaSource11is_seekable
FN:104,_RNvXs2_NtNtCs56NpsMUp9BL_12gigastt_core9inference5audioNtB5_16BytesMediaSourceNtNtCsiQ6Io2XfqB8_14symphonia_core2io11MediaSource8byte_len
FN:125,_RNCNvNtNtCs56NpsMUp9BL_12gigastt_core9inference5audio17decode_audio_file0B7_
FN:131,_RNCNvNtNtCs56NpsMUp9BL_12gigastt_core9inference5audio17decode_audio_files_0B7_
FN:213,_RNCNvNtNtCs56NpsMUp9BL_12gigastt_core9inference5audio18decode_audio_inner0B7_
FN:219,_RNCNvNtNtCs56NpsMUp9BL_12gigastt_core9inference5audio18decode_audio_inners_0B7_
FN:428,_RNCNvNtNtCs56NpsMUp9BL_12gigastt_core9inference5audio19resample_with_cache0B7_
FN:445,_RNCNvNtNtCs56NpsMUp9BL_12gigastt_core9inference5audio19resample_with_caches0_0B7_
FN:448,_RNCNvNtNtCs56NpsMUp9BL_12gigastt_core9inference5audio19resample_with_caches1_0B7_
FN:443,_RNCNvNtNtCs56NpsMUp9BL_12gigastt_core9inference5audio19resample_with_caches_0B7_
FN:327,_RNCNvNtNtCs56NpsMUp9BL_12gigastt_core9inference5audio8resample0B7_
FN:353,_RNCNvNtNtCs56NpsMUp9BL_12gigastt_core9inference5audio8resamples0_0B7_
FN:355,_RNCNvNtNtCs56NpsMUp9BL_12gigastt_core9inference5audio8resamples1_0B7_
FN:358,_RNCNvNtNtCs56NpsMUp9BL_12gigastt_core9inference5audio8resamples2_0B7_
FN:346,_RNCNvNtNtCs56NpsMUp9BL_12gigastt_core9inference5audio8resamples_0B7_
FN:125,_RNCNvNtNtCscGbmKBa7Tyy_12gigastt_core9inference5audio17decode_audio_file0B7_
FN:131,_RNCNvNtNtCscGbmKBa7Tyy_12gigastt_core9inference5audio17decode_audio_files_0B7_
FN:428,_RNCNvNtNtCscGbmKBa7Tyy_12gigastt_core9inference5audio19resample_with_cache0B7_
FN:445,_RNCNvNtNtCscGbmKBa7Tyy_12gigastt_core9inference5audio19resample_with_caches0_0B7_
FN:448,_RNCNvNtNtCscGbmKBa7Tyy_12gigastt_core9inference5audio19resample_with_caches1_0B7_
FN:443,_RNCNvNtNtCscGbmKBa7Tyy_12gigastt_core9inference5audio19resample_with_caches_0B7_
FN:35,_RNvMNtNtCscGbmKBa7Tyy_12gigastt_core9inference5audioNtB2_10SampleRate3get
FN:25,_RNvMNtNtCscGbmKBa7Tyy_12gigastt_core9inference5audioNtB2_10SampleRate3new
FN:123,_RNvNtNtCscGbmKBa7Tyy_12gigastt_core9inference5audio17decode_audio_file
FN:383,_RNvNtNtCscGbmKBa7Tyy_12gigastt_core9inference5audio19resample_with_cache
FN:565,_RNCNvNtNtNtCscGbmKBa7Tyy_12gigastt_core9inference5audio5testss_29test_resample_upsample_length0B9_
FN:551,_RNCNvNtNtNtCscGbmKBa7Tyy_12gigastt_core9inference5audio5testss_31test_resample_downsample_length0B9_
FN:778,_RNvNtNtNtCscGbmKBa7Tyy_12gigastt_core9inference5audio5tests14make_wav_bytes
FN:593,_RNvNtNtNtCscGbmKBa7Tyy_12gigastt_core9inference5audio5testss_19test_resample_empty
FN:928,_RNvNtNtNtCscGbmKBa7Tyy_12gigastt_core9inference5audio5testss_22test_parse_pcm16_basic
FN:951,_RNvNtNtNtCscGbmKBa7Tyy_12gigastt_core9inference5audio5testss_22test_parse_pcm16_empty
FN:636,_RNvNtNtNtCscGbmKBa7Tyy_12gigastt_core9inference5audio5testss_23test_buffer_exact_frame
FN:692,_RNvNtNtNtCscGbmKBa7Tyy_12gigastt_core9inference5audio5testss_23test_buffer_multi_frame
FN:708,_RNvNtNtNtCscGbmKBa7Tyy_12gigastt_core9inference5audio5testss_23test_resample_nan_input
FN:614,_RNvNtNtNtCscGbmKBa7Tyy_12gigastt_core9inference5audio5testss_23test_resample_same_rate
FN:577,_RNvNtNtNtCscGbmKBa7Tyy_12gigastt_core9inference5audio5testss_26test_resample_preserves_dc
FN:847,_RNvNtNtNtCscGbmKBa7Tyy_12gigastt_core9inference5audio5testss_27bytes_media_source_seek_end
FN:820,_RNvNtNtNtCscGbmKBa7Tyy_12gigastt_core9inference5audio5testss_27test_decode_audio_bytes_wav
FN:834,_RNvNtNtNtCscGbmKBa7Tyy_12gigastt_core9inference5audio5testss_28bytes_media_source_read_full
FN:649,_RNvNtNtNtCscGbmKBa7Tyy_12gigastt_core9inference5audio5testss_28test_buffer_leftover_correct
FN:679,_RNvNtNtNtCscGbmKBa7Tyy_12gigastt_core9inference5audio5testss_28test_buffer_truncation_at_5s
FN:719,_RNvNtNtNtCscGbmKBa7Tyy_12gigastt_core9inference5audio5testss_28test_resample_infinity_input
FN:802,_RNvNtNtNtCscGbmKBa7Tyy_12gigastt_core9inference5audio5testss_29test_decode_audio_bytes_empty
FN:564,_RNvNtNtNtCscGbmKBa7Tyy_12gigastt_core9inference5audio5testss_29test_resample_upsample_length
FN:732,_RNvNtNtNtCscGbmKBa7Tyy_12gigastt_core9inference5audio5testss_30test_resample_mixed_nan_normal
FN:744,_RNvNtNtNtCscGbmKBa7Tyy_12gigastt_core9inference5audio5testss_31test_prepare_buffer_empty_input
FN:753,_RNvNtNtNtCscGbmKBa7Tyy_12gigastt_core9inference5audio5testss_31test_prepare_buffer_exactly_max
FN:550,_RNvNtNtNtCscGbmKBa7Tyy_12gigastt_core9inference5audio5testss_31test_resample_downsample_length
FN:911,_RNvNtNtNtCscGbmKBa7Tyy_12gigastt_core9inference5audio5testss_32decode_audio_shim_matches_shared
FN:765,_RNvNtNtNtCscGbmKBa7Tyy_12gigastt_core9inference5audio5testss_32test_prepare_buffer_one_over_max
FN:939,_RNvNtNtNtCscGbmKBa7Tyy_12gigastt_core9inference5audio5testss_33test_parse_pcm16_odd_length_carry
FN:959,_RNvNtNtNtCscGbmKBa7Tyy_12gigastt_core9inference5audio5testss_34test_decode_duration_cap_streaming
FN:900,_RNvNtNtNtCscGbmKBa7Tyy_12gigastt_core9inference5audio5testss_35bytes_media_source_byte_len_matches
FN:858,_RNvNtNtNtCscGbmKBa7Tyy_12gigastt_core9inference5audio5testss_35bytes_media_source_seek_past_end_ok
FN:662,_RNvNtNtNtCscGbmKBa7Tyy_12gigastt_core9inference5audio5testss_36test_buffer_accumulates_across_calls
FN:626,_RNvNtNtNtCscGbmKBa7Tyy_12gigastt_core9inference5audio5testss_36test_buffer_short_input_returns_none
FN:809,_RNvNtNtNtCscGbmKBa7Tyy_12gigastt_core9inference5audio5testss_36test_decode_audio_bytes_invalid_data
FN:599,_RNvNtNtNtCscGbmKBa7Tyy_12gigastt_core9inference5audio5testss_37test_resample_zero_rate_returns_empty
FN:882,_RNvNtNtNtCscGbmKBa7Tyy_12gigastt_core9inference5audio5testss_40bytes_media_source_partial_read_progress
FN:871,_RNvNtNtNtCscGbmKBa7Tyy_12gigastt_core9inference5audio5testss_40bytes_media_source_seek_before_start_err
FN:213,_RNCNvNtNtCscGbmKBa7Tyy_12gigastt_core9inference5audio18decode_audio_inner0B7_
FN:219,_RNCNvNtNtCscGbmKBa7Tyy_12gigastt_core9inference5audio18decode_audio_inners_0B7_
FN:327,_RNCNvNtNtCscGbmKBa7Tyy_12gigastt_core9inference5audio8resample0B7_
FN:353,_RNCNvNtNtCscGbmKBa7Tyy_12gigastt_core9inference5audio8resamples0_0B7_
FN:355,_RNCNvNtNtCscGbmKBa7Tyy_12gigastt_core9inference5audio8resamples1_0B7_
FN:358,_RNCNvNtNtCscGbmKBa7Tyy_12gigastt_core9inference5audio8resamples2_0B7_
FN:346,_RNCNvNtNtCscGbmKBa7Tyy_12gigastt_core9inference5audio8resamples_0B7_
FN:58,_RNvMs_NtNtCscGbmKBa7Tyy_12gigastt_core9inference5audioNtB4_16BytesMediaSource3new
FN:162,_RNvNtNtCscGbmKBa7Tyy_12gigastt_core9inference5audio18decode_audio_bytes
FN:192,_RNvNtNtCscGbmKBa7Tyy_12gigastt_core9inference5audio18decode_audio_inner
FN:538,_RNvNtNtCscGbmKBa7Tyy_12gigastt_core9inference5audio20consume_audio_buffer
FN:516,_RNvNtNtCscGbmKBa7Tyy_12gigastt_core9inference5audio20prepare_audio_buffer
FN:457,_RNvNtNtCscGbmKBa7Tyy_12gigastt_core9inference5audio22parse_pcm16_with_carry
FN:184,_RNvNtNtCscGbmKBa7Tyy_12gigastt_core9inference5audio25decode_audio_bytes_shared
FN:467,_RNvNtNtCscGbmKBa7Tyy_12gigastt_core9inference5audio27parse_pcm16_with_carry_into
FN:316,_RNvNtNtCscGbmKBa7Tyy_12gigastt_core9inference5audio8resample
FN:64,_RNvXs0_NtNtCscGbmKBa7Tyy_12gigastt_core9inference5audioNtB5_16BytesMediaSourceNtNtCsg55jX0GwzBC_3std2io4Read4read
FN:79,_RNvXs1_NtNtCscGbmKBa7Tyy_12gigastt_core9inference5audioNtB5_16BytesMediaSourceNtNtCsg55jX0GwzBC_3std2io4Seek4seek
FN:100,_RNvXs2_NtNtCscGbmKBa7Tyy_12gigastt_core9inference5audioNtB5_16BytesMediaSourceNtNtCsiQ6Io2XfqB8_14symphonia_core2io11MediaSource11is_seekable
FN:104,_RNvXs2_NtNtCscGbmKBa7Tyy_12gigastt_core9inference5audioNtB5_16BytesMediaSourceNtNtCsiQ6Io2XfqB8_14symphonia_core2io11MediaSource8byte_len
FNDA:0,_RNvMNtNtCs56NpsMUp9BL_12gigastt_core9inference5audioNtB2_10SampleRate3get
FNDA:0,_RNvMNtNtCs56NpsMUp9BL_12gigastt_core9inference5audioNtB2_10SampleRate3new
FNDA:0,_RNvMs_NtNtCs56NpsMUp9BL_12gigastt_core9inference5audioNtB4_16BytesMediaSource3new
FNDA:0,_RNvNtNtCs56NpsMUp9BL_12gigastt_core9inference5audio17decode_audio_file
FNDA:0,_RNvNtNtCs56NpsMUp9BL_12gigastt_core9inference5audio18decode_audio_bytes
FNDA:0,_RNvNtNtCs56NpsMUp9BL_12gigastt_core9inference5audio18decode_audio_inner
FNDA:0,_RNvNtNtCs56NpsMUp9BL_12gigastt_core9inference5audio19resample_with_cache
FNDA:0,_RNvNtNtCs56NpsMUp9BL_12gigastt_core9inference5audio20consume_audio_buffer
FNDA:0,_RNvNtNtCs56NpsMUp9BL_12gigastt_core9inference5audio20prepare_audio_buffer
FNDA:0,_RNvNtNtCs56NpsMUp9BL_12gigastt_core9inference5audio22parse_pcm16_with_carry
FNDA:0,_RNvNtNtCs56NpsMUp9BL_12gigastt_core9inference5audio25decode_audio_bytes_shared
FNDA:0,_RNvNtNtCs56NpsMUp9BL_12gigastt_core9inference5audio27parse_pcm16_with_carry_into
FNDA:0,_RNvNtNtCs56NpsMUp9BL_12gigastt_core9inference5audio8resample
FNDA:0,_RNvXs0_NtNtCs56NpsMUp9BL_12gigastt_core9inference5audioNtB5_16BytesMediaSourceNtNtCsg55jX0GwzBC_3std2io4Read4read
FNDA:0,_RNvXs1_NtNtCs56NpsMUp9BL_12gigastt_core9inference5audioNtB5_16BytesMediaSourceNtNtCsg55jX0GwzBC_3std2io4Seek4seek
FNDA:0,_RNvXs2_NtNtCs56NpsMUp9BL_12gigastt_core9inference5audioNtB5_16BytesMediaSourceNtNtCsiQ6Io2XfqB8_14symphonia_core2io11MediaSource11is_seekable
FNDA:0,_RNvXs2_NtNtCs56NpsMUp9BL_12gigastt_core9inference5audioNtB5_16BytesMediaSourceNtNtCsiQ6Io2XfqB8_14symphonia_core2io11MediaSource8byte_len
FNDA:0,_RNCNvNtNtCs56NpsMUp9BL_12gigastt_core9inference5audio17decode_audio_file0B7_
FNDA:0,_RNCNvNtNtCs56NpsMUp9BL_12gigastt_core9inference5audio17decode_audio_files_0B7_
FNDA:0,_RNCNvNtNtCs56NpsMUp9BL_12gigastt_core9inference5audio18decode_audio_inner0B7_
FNDA:0,_RNCNvNtNtCs56NpsMUp9BL_12gigastt_core9inference5audio18decode_audio_inners_0B7_
FNDA:0,_RNCNvNtNtCs56NpsMUp9BL_12gigastt_core9inference5audio19resample_with_cache0B7_
FNDA:0,_RNCNvNtNtCs56NpsMUp9BL_12gigastt_core9inference5audio19resample_with_caches0_0B7_
FNDA:0,_RNCNvNtNtCs56NpsMUp9BL_12gigastt_core9inference5audio19resample_with_caches1_0B7_
FNDA:0,_RNCNvNtNtCs56NpsMUp9BL_12gigastt_core9inference5audio19resample_with_caches_0B7_
FNDA:0,_RNCNvNtNtCs56NpsMUp9BL_12gigastt_core9inference5audio8resample0B7_
FNDA:0,_RNCNvNtNtCs56NpsMUp9BL_12gigastt_core9inference5audio8resamples0_0B7_
FNDA:0,_RNCNvNtNtCs56NpsMUp9BL_12gigastt_core9inference5audio8resamples1_0B7_
FNDA:0,_RNCNvNtNtCs56NpsMUp9BL_12gigastt_core9inference5audio8resamples2_0B7_
FNDA:0,_RNCNvNtNtCs56NpsMUp9BL_12gigastt_core9inference5audio8resamples_0B7_
FNDA:0,_RNCNvNtNtCscGbmKBa7Tyy_12gigastt_core9inference5audio17decode_audio_file0B7_
FNDA:0,_RNCNvNtNtCscGbmKBa7Tyy_12gigastt_core9inference5audio17decode_audio_files_0B7_
FNDA:0,_RNCNvNtNtCscGbmKBa7Tyy_12gigastt_core9inference5audio19resample_with_cache0B7_
FNDA:0,_RNCNvNtNtCscGbmKBa7Tyy_12gigastt_core9inference5audio19resample_with_caches0_0B7_
FNDA:0,_RNCNvNtNtCscGbmKBa7Tyy_12gigastt_core9inference5audio19resample_with_caches1_0B7_
FNDA:0,_RNCNvNtNtCscGbmKBa7Tyy_12gigastt_core9inference5audio19resample_with_caches_0B7_
FNDA:0,_RNvMNtNtCscGbmKBa7Tyy_12gigastt_core9inference5audioNtB2_10SampleRate3get
FNDA:0,_RNvMNtNtCscGbmKBa7Tyy_12gigastt_core9inference5audioNtB2_10SampleRate3new
FNDA:0,_RNvNtNtCscGbmKBa7Tyy_12gigastt_core9inference5audio17decode_audio_file
FNDA:0,_RNvNtNtCscGbmKBa7Tyy_12gigastt_core9inference5audio19resample_with_cache
FNDA:800,_RNCNvNtNtNtCscGbmKBa7Tyy_12gigastt_core9inference5audio5testss_29test_resample_upsample_length0B9_
FNDA:4800,_RNCNvNtNtNtCscGbmKBa7Tyy_12gigastt_core9inference5audio5testss_31test_resample_downsample_length0B9_
FNDA:3,_RNvNtNtNtCscGbmKBa7Tyy_12gigastt_core9inference5audio5tests14make_wav_bytes
FNDA:1,_RNvNtNtNtCscGbmKBa7Tyy_12gigastt_core9inference5audio5testss_19test_resample_empty
FNDA:1,_RNvNtNtNtCscGbmKBa7Tyy_12gigastt_core9inference5audio5testss_22test_parse_pcm16_basic
FNDA:1,_RNvNtNtNtCscGbmKBa7Tyy_12gigastt_core9inference5audio5testss_22test_parse_pcm16_empty
FNDA:1,_RNvNtNtNtCscGbmKBa7Tyy_12gigastt_core9inference5audio5testss_23test_buffer_exact_frame
FNDA:1,_RNvNtNtNtCscGbmKBa7Tyy_12gigastt_core9inference5audio5testss_23test_buffer_multi_frame
FNDA:1,_RNvNtNtNtCscGbmKBa7Tyy_12gigastt_core9inference5audio5testss_23test_resample_nan_input
FNDA:1,_RNvNtNtNtCscGbmKBa7Tyy_12gigastt_core9inference5audio5testss_23test_resample_same_rate
FNDA:1,_RNvNtNtNtCscGbmKBa7Tyy_12gigastt_core9inference5audio5testss_26test_resample_preserves_dc
FNDA:1,_RNvNtNtNtCscGbmKBa7Tyy_12gigastt_core9inference5audio5testss_27bytes_media_source_seek_end
FNDA:1,_RNvNtNtNtCscGbmKBa7Tyy_12gigastt_core9inference5audio5testss_27test_decode_audio_bytes_wav
FNDA:1,_RNvNtNtNtCscGbmKBa7Tyy_12gigastt_core9inference5audio5testss_28bytes_media_source_read_full
FNDA:1,_RNvNtNtNtCscGbmKBa7Tyy_12gigastt_core9inference5audio5testss_28test_buffer_leftover_correct
FNDA:1,_RNvNtNtNtCscGbmKBa7Tyy_12gigastt_core9inference5audio5testss_28test_buffer_truncation_at_5s
FNDA:1,_RNvNtNtNtCscGbmKBa7Tyy_12gigastt_core9inference5audio5testss_28test_resample_infinity_input
FNDA:1,_RNvNtNtNtCscGbmKBa7Tyy_12gigastt_core9inference5audio5testss_29test_decode_audio_bytes_empty
FNDA:1,_RNvNtNtNtCscGbmKBa7Tyy_12gigastt_core9inference5audio5testss_29test_resample_upsample_length
FNDA:1,_RNvNtNtNtCscGbmKBa7Tyy_12gigastt_core9inference5audio5testss_30test_resample_mixed_nan_normal
FNDA:1,_RNvNtNtNtCscGbmKBa7Tyy_12gigastt_core9inference5audio5testss_31test_prepare_buffer_empty_input
FNDA:1,_RNvNtNtNtCscGbmKBa7Tyy_12gigastt_core9inference5audio5testss_31test_prepare_buffer_exactly_max
FNDA:1,_RNvNtNtNtCscGbmKBa7Tyy_12gigastt_core9inference5audio5testss_31test_resample_downsample_length
FNDA:1,_RNvNtNtNtCscGbmKBa7Tyy_12gigastt_core9inference5audio5testss_32decode_audio_shim_matches_shared
FNDA:1,_RNvNtNtNtCscGbmKBa7Tyy_12gigastt_core9inference5audio5testss_32test_prepare_buffer_one_over_max
FNDA:1,_RNvNtNtNtCscGbmKBa7Tyy_12gigastt_core9inference5audio5testss_33test_parse_pcm16_odd_length_carry
FNDA:1,_RNvNtNtNtCscGbmKBa7Tyy_12gigastt_core9inference5audio5testss_34test_decode_duration_cap_streaming
FNDA:1,_RNvNtNtNtCscGbmKBa7Tyy_12gigastt_core9inference5audio5testss_35bytes_media_source_byte_len_matches
FNDA:1,_RNvNtNtNtCscGbmKBa7Tyy_12gigastt_core9inference5audio5testss_35bytes_media_source_seek_past_end_ok
FNDA:1,_RNvNtNtNtCscGbmKBa7Tyy_12gigastt_core9inference5audio5testss_36test_buffer_accumulates_across_calls
FNDA:1,_RNvNtNtNtCscGbmKBa7Tyy_12gigastt_core9inference5audio5testss_36test_buffer_short_input_returns_none
FNDA:1,_RNvNtNtNtCscGbmKBa7Tyy_12gigastt_core9inference5audio5testss_36test_decode_audio_bytes_invalid_data
FNDA:1,_RNvNtNtNtCscGbmKBa7Tyy_12gigastt_core9inference5audio5testss_37test_resample_zero_rate_returns_empty
FNDA:1,_RNvNtNtNtCscGbmKBa7Tyy_12gigastt_core9inference5audio5testss_40bytes_media_source_partial_read_progress
FNDA:1,_RNvNtNtNtCscGbmKBa7Tyy_12gigastt_core9inference5audio5testss_40bytes_media_source_seek_before_start_err
FNDA:4,_RNCNvNtNtCscGbmKBa7Tyy_12gigastt_core9inference5audio18decode_audio_inner0B7_
FNDA:4,_RNCNvNtNtCscGbmKBa7Tyy_12gigastt_core9inference5audio18decode_audio_inners_0B7_
FNDA:486760,_RNCNvNtNtCscGbmKBa7Tyy_12gigastt_core9inference5audio8resample0B7_
FNDA:0,_RNCNvNtNtCscGbmKBa7Tyy_12gigastt_core9inference5audio8resamples0_0B7_
FNDA:0,_RNCNvNtNtCscGbmKBa7Tyy_12gigastt_core9inference5audio8resamples1_0B7_
FNDA:0,_RNCNvNtNtCscGbmKBa7Tyy_12gigastt_core9inference5audio8resamples2_0B7_
FNDA:0,_RNCNvNtNtCscGbmKBa7Tyy_12gigastt_core9inference5audio8resamples_0B7_
FNDA:12,_RNvMs_NtNtCscGbmKBa7Tyy_12gigastt_core9inference5audioNtB4_16BytesMediaSource3new
FNDA:4,_RNvNtNtCscGbmKBa7Tyy_12gigastt_core9inference5audio18decode_audio_bytes
FNDA:6,_RNvNtNtCscGbmKBa7Tyy_12gigastt_core9inference5audio18decode_audio_inner
FNDA:7,_RNvNtNtCscGbmKBa7Tyy_12gigastt_core9inference5audio20consume_audio_buffer
FNDA:10,_RNvNtNtCscGbmKBa7Tyy_12gigastt_core9inference5audio20prepare_audio_buffer
FNDA:2720,_RNvNtNtCscGbmKBa7Tyy_12gigastt_core9inference5audio22parse_pcm16_with_carry
FNDA:6,_RNvNtNtCscGbmKBa7Tyy_12gigastt_core9inference5audio25decode_audio_bytes_shared
FNDA:2720,_RNvNtNtCscGbmKBa7Tyy_12gigastt_core9inference5audio27parse_pcm16_with_carry_into
FNDA:207,_RNvNtNtCscGbmKBa7Tyy_12gigastt_core9inference5audio8resample
FNDA:626,_RNvXs0_NtNtCscGbmKBa7Tyy_12gigastt_core9inference5audioNtB5_16BytesMediaSourceNtNtCsg55jX0GwzBC_3std2io4Read4read
FNDA:14,_RNvXs1_NtNtCscGbmKBa7Tyy_12gigastt_core9inference5audioNtB5_16BytesMediaSourceNtNtCsg55jX0GwzBC_3std2io4Seek4seek
FNDA:13,_RNvXs2_NtNtCscGbmKBa7Tyy_12gigastt_core9inference5audioNtB5_16BytesMediaSourceNtNtCsiQ6Io2XfqB8_14symphonia_core2io11MediaSource11is_seekable
FNDA:7,_RNvXs2_NtNtCscGbmKBa7Tyy_12gigastt_core9inference5audioNtB5_16BytesMediaSourceNtNtCsiQ6Io2XfqB8_14symphonia_core2io11MediaSource8byte_len
FNF:65
FNH:51
DA:25,0
DA:26,0
DA:27,0
DA:28,0
DA:29,0
DA:30,0
DA:35,0
DA:36,0
DA:37,0
DA:58,12
DA:59,12
DA:60,12
DA:64,626
DA:65,626
DA:66,626
DA:67,6
DA:68,620
DA:69,620
DA:70,620
DA:71,620
DA:72,620
DA:73,620
DA:74,620
DA:75,626
DA:79,14
DA:80,14
DA:83,14
DA:84,12
DA:85,1
DA:86,1
DA:88,14
DA:89,1
DA:90,1
DA:91,1
DA:92,1
DA:93,13
DA:94,13
DA:95,13
DA:96,14
DA:100,13
DA:101,13
DA:102,13
DA:104,7
DA:105,7
DA:106,7
DA:123,0
DA:124,0
DA:125,0
DA:126,0
DA:128,0
DA:129,0
DA:130,0
DA:131,0
DA:132,0
DA:133,0
DA:134,0
DA:136,0
DA:138,0
DA:139,0
DA:140,0
DA:141,0
DA:144,0
DA:145,0
DA:162,4
DA:163,4
DA:164,4
DA:184,6
DA:185,6
DA:186,6
DA:187,6
DA:188,6
DA:189,6
DA:192,6
DA:193,6
DA:194,6
DA:195,6
DA:196,6
DA:197,6
DA:198,6
DA:199,6
DA:200,6
DA:201,6
DA:202,6
DA:204,6
DA:206,4
DA:207,4
DA:208,4
DA:209,4
DA:210,4
DA:211,4
DA:212,4
DA:213,4
DA:214,4
DA:215,4
DA:216,4
DA:217,4
DA:218,4
DA:219,4
DA:220,4
DA:225,4
DA:227,4
DA:229,4
DA:230,4
DA:231,4
DA:233,4
DA:234,4
DA:235,3
DA:237,1
DA:241,4
DA:244,8379
DA:245,8376
DA:246,3
DA:247,0
DA:250,8376
DA:251,0
DA:252,8376
DA:254,8376
DA:255,8376
DA:256,8376
DA:257,8376
DA:260,8376
DA:261,0
DA:262,0
DA:263,0
DA:264,0
DA:265,0
DA:266,0
DA:267,0
DA:268,0
DA:270,8376
DA:271,8376
DA:272,8376
DA:273,8376
DA:274,8376
DA:280,8376
DA:281,1
DA:282,1
DA:286,8375
DA:289,3
DA:290,3
DA:292,0
DA:298,3
DA:299,0
DA:300,0
DA:301,0
DA:302,3
DA:304,3
DA:305,6
DA:316,207
DA:317,207
DA:318,3
DA:319,204
DA:320,204
DA:321,1
DA:322,203
DA:325,203
DA:326,203
DA:327,486760
DA:328,203
DA:335,203
DA:336,203
DA:337,203
DA:338,203
DA:339,203
DA:340,203
DA:341,203
DA:343,203
DA:344,203
DA:345,203
DA:346,203
DA:348,203
DA:349,203
DA:350,203
DA:352,203
DA:353,203
DA:354,203
DA:355,203
DA:356,203
DA:357,203
DA:358,203
DA:360,203
DA:361,203
DA:362,207
DA:383,0
DA:384,0
DA:385,0
DA:386,0
DA:387,0
DA:388,0
DA:389,0
DA:392,0
DA:393,0
DA:394,0
DA:395,0
DA:396,0
DA:397,0
DA:398,0
DA:399,0
DA:402,0
DA:403,0
DA:404,0
DA:405,0
DA:408,0
DA:409,0
DA:411,0
DA:412,0
DA:413,0
DA:416,0
DA:420,0
DA:421,0
DA:422,0
DA:423,0
DA:424,0
DA:425,0
DA:426,0
DA:427,0
DA:428,0
DA:429,0
DA:430,0
DA:432,0
DA:433,0
DA:434,0
DA:436,0
DA:437,0
DA:438,0
DA:441,0
DA:442,0
DA:443,0
DA:444,0
DA:445,0
DA:446,0
DA:447,0
DA:448,0
DA:449,0
DA:450,0
DA:457,2720
DA:458,2720
DA:459,2720
DA:460,2720
DA:461,2720
DA:467,2720
DA:468,2720
DA:469,2720
DA:470,2720
DA:472,2720
DA:473,1983
DA:474,1983
DA:475,1983
DA:476,1242
DA:477,1242
DA:478,1242
DA:479,0
DA:480,0
DA:482,741
DA:483,494042
DA:484,493421
DA:485,492059
DA:487,1362
DA:488,1362
DA:491,492059
DA:494,737
DA:495,184770
DA:496,184770
DA:497,184770
DA:499,2720
DA:516,10
DA:517,10
DA:519,10
DA:520,2
DA:521,2
DA:522,2
DA:523,2
DA:524,8
DA:526,10
DA:527,10
DA:528,10
DA:529,7
DA:530,7
DA:531,7
DA:533,3
DA:535,10
DA:538,7
DA:539,7
DA:540,7
DA:541,7
DA:550,1
DA:551,4800
DA:552,1
DA:555,1
DA:556,1
DA:557,1
DA:559,0
DA:561,1
DA:564,1
DA:565,800
DA:566,1
DA:568,1
DA:569,1
DA:570,1
DA:572,0
DA:574,1
DA:577,1
DA:580,1
DA:581,1
DA:582,1
DA:583,1
DA:584,1281
DA:585,1281
DA:586,1281
DA:590,1
DA:593,1
DA:594,1
DA:595,1
DA:596,1
DA:599,1
DA:600,1
DA:601,1
DA:602,1
DA:603,1
DA:604,1
DA:606,1
DA:607,1
DA:608,1
DA:609,1
DA:611,1
DA:614,1
DA:615,1
DA:616,1
DA:617,1
DA:618,4
DA:619,4
DA:621,1
DA:626,1
DA:628,1
DA:629,1
DA:630,1
DA:631,1
DA:632,1
DA:633,1
DA:636,1
DA:638,1
DA:639,1
DA:640,1
DA:641,1
DA:642,1
DA:643,1
DA:644,1
DA:645,1
DA:646,1
DA:649,1
DA:651,1
DA:652,1
DA:653,1
DA:654,1
DA:655,1
DA:656,1
DA:657,1
DA:658,1
DA:659,1
DA:662,1
DA:663,1
DA:665,1
DA:666,1
DA:667,1
DA:670,1
DA:671,1
DA:672,1
DA:673,1
DA:674,1
DA:675,1
DA:676,1
DA:679,1
DA:681,1
DA:682,1
DA:683,1
DA:685,1
DA:686,1
DA:687,1
DA:688,1
DA:689,1
DA:692,1
DA:694,1
DA:695,1
DA:696,1
DA:697,1
DA:699,1
DA:700,1
DA:701,1
DA:702,1
DA:703,1
DA:708,1
DA:709,1
DA:710,1
DA:712,1
DA:713,332
DA:714,332
DA:716,1
DA:719,1
DA:720,1
DA:721,1
DA:722,1
DA:723,166
DA:724,166
DA:725,166
DA:729,1
DA:732,1
DA:733,1
DA:734,1
DA:735,1
DA:736,1
DA:737,1
DA:738,159
DA:739,159
DA:741,1
DA:744,1
DA:745,1
DA:746,1
DA:748,1
DA:749,1
DA:750,1
DA:753,1
DA:755,1
DA:756,1
DA:757,1
DA:758,1
DA:759,1
DA:760,1
DA:761,1
DA:762,1
DA:765,1
DA:767,1
DA:768,1
DA:769,1
DA:770,1
DA:771,1
DA:772,1
DA:773,1
DA:774,1
DA:778,3
DA:779,3
DA:780,3
DA:781,3
DA:782,3
DA:783,3
DA:784,3
DA:785,3
DA:786,3
DA:787,3
DA:788,3
DA:789,3
DA:790,3
DA:791,3
DA:792,3
DA:793,3
DA:794,3
DA:795,11552000
DA:796,11552000
DA:797,11552000
DA:798,3
DA:799,3
DA:802,1
DA:804,1
DA:805,1
DA:806,1
DA:809,1
DA:811,1
DA:812,1
DA:813,1
DA:814,1
DA:817,1
DA:820,1
DA:821,1
DA:822,1
DA:823,1
DA:824,1
DA:826,1
DA:827,1
DA:834,1
DA:835,1
DA:836,1
DA:837,1
DA:838,1
DA:839,1
DA:840,1
DA:842,1
DA:843,1
DA:844,1
DA:847,1
DA:848,1
DA:849,1
DA:850,1
DA:851,1
DA:852,1
DA:854,1
DA:855,1
DA:858,1
DA:859,1
DA:860,1
DA:864,1
DA:865,1
DA:866,1
DA:867,1
DA:868,1
DA:871,1
DA:872,1
DA:873,1
DA:874,1
DA:875,1
DA:877,1
DA:878,1
DA:879,1
DA:882,1
DA:885,1
DA:886,1
DA:887,1
DA:888,1
DA:890,5
DA:891,5
DA:892,1
DA:893,4
DA:894,4
DA:896,1
DA:897,1
DA:900,1
DA:902,1
DA:903,1
DA:904,1
DA:905,1
DA:906,1
DA:911,1
DA:915,1
DA:916,1
DA:917,1
DA:918,1
DA:919,1
DA:920,16000
DA:921,16000
DA:923,1
DA:928,1
DA:929,1
DA:930,1
DA:931,1
DA:932,1
DA:933,1
DA:934,1
DA:935,1
DA:936,1
DA:939,1
DA:940,1
DA:941,1
DA:942,1
DA:943,1
DA:945,1
DA:946,1
DA:947,1
DA:948,1
DA:951,1
DA:952,1
DA:953,1
DA:954,1
DA:955,1
DA:956,1
DA:959,1
DA:969,1
DA:970,1
DA:971,1
DA:972,1
DA:973,1
DA:974,1
DA:975,1
DA:976,1
DA:979,1
BRF:0
BRH:0
LF:587
LH:480
end_of_record
SF:/Users/ekhodzitsky/Documents/personal/gigastt/crates/gigastt-core/src/inference/decode.rs
FN:86,_RNvNtNtCs56NpsMUp9BL_12gigastt_core9inference6decode11run_decoder
FN:147,_RNvNtNtCs56NpsMUp9BL_12gigastt_core9inference6decode13greedy_decode
FN:117,_RNvNtNtCs56NpsMUp9BL_12gigastt_core9inference6decode17run_joiner_single
FN:32,_RNvNtNtCs56NpsMUp9BL_12gigastt_core9inference6decode21extract_encoder_frame
FN:58,_RNvNtNtCs56NpsMUp9BL_12gigastt_core9inference6decode22argmax_with_confidence
FN:46,_RNvNtNtCs56NpsMUp9BL_12gigastt_core9inference6decode6argmax
FN:63,_RNCNvNtNtCs56NpsMUp9BL_12gigastt_core9inference6decode22argmax_with_confidence0B7_
FN:50,_RNCNvNtNtCs56NpsMUp9BL_12gigastt_core9inference6decode6argmax0B7_
FN:63,_RNCNvNtNtCscGbmKBa7Tyy_12gigastt_core9inference6decode22argmax_with_confidence0B7_
FN:86,_RNvNtNtCscGbmKBa7Tyy_12gigastt_core9inference6decode11run_decoder
FN:147,_RNvNtNtCscGbmKBa7Tyy_12gigastt_core9inference6decode13greedy_decode
FN:117,_RNvNtNtCscGbmKBa7Tyy_12gigastt_core9inference6decode17run_joiner_single
FN:58,_RNvNtNtCscGbmKBa7Tyy_12gigastt_core9inference6decode22argmax_with_confidence
FN:306,_RNvNtNtNtCscGbmKBa7Tyy_12gigastt_core9inference6decode5testss_24test_argmax_clear_winner
FN:319,_RNvNtNtNtCscGbmKBa7Tyy_12gigastt_core9inference6decode5testss_26test_argmax_single_element
FN:325,_RNvNtNtNtCscGbmKBa7Tyy_12gigastt_core9inference6decode5testss_27test_argmax_negative_values
FN:312,_RNvNtNtNtCscGbmKBa7Tyy_12gigastt_core9inference6decode5testss_28test_argmax_tie_returns_last
FN:337,_RNvNtNtNtCscGbmKBa7Tyy_12gigastt_core9inference6decode5testss_29test_argmax_blank_id_selected
FN:331,_RNvNtNtNtCscGbmKBa7Tyy_12gigastt_core9inference6decode5testss_31test_argmax_empty_returns_blank
FN:288,_RNvNtNtNtCscGbmKBa7Tyy_12gigastt_core9inference6decode5testss_31test_extract_encoder_frame_last
FN:279,_RNvNtNtNtCscGbmKBa7Tyy_12gigastt_core9inference6decode5testss_32test_extract_encoder_frame_first
FN:296,_RNvNtNtNtCscGbmKBa7Tyy_12gigastt_core9inference6decode5testss_33test_extract_encoder_frame_middle
FN:32,_RNvNtNtCscGbmKBa7Tyy_12gigastt_core9inference6decode21extract_encoder_frame
FN:46,_RNvNtNtCscGbmKBa7Tyy_12gigastt_core9inference6decode6argmax
FN:50,_RNCNvNtNtCscGbmKBa7Tyy_12gigastt_core9inference6decode6argmax0B7_
FNDA:0,_RNvNtNtCs56NpsMUp9BL_12gigastt_core9inference6decode11run_decoder
FNDA:0,_RNvNtNtCs56NpsMUp9BL_12gigastt_core9inference6decode13greedy_decode
FNDA:0,_RNvNtNtCs56NpsMUp9BL_12gigastt_core9inference6decode17run_joiner_single
FNDA:0,_RNvNtNtCs56NpsMUp9BL_12gigastt_core9inference6decode21extract_encoder_frame
FNDA:0,_RNvNtNtCs56NpsMUp9BL_12gigastt_core9inference6decode22argmax_with_confidence
FNDA:0,_RNvNtNtCs56NpsMUp9BL_12gigastt_core9inference6decode6argmax
FNDA:0,_RNCNvNtNtCs56NpsMUp9BL_12gigastt_core9inference6decode22argmax_with_confidence0B7_
FNDA:0,_RNCNvNtNtCs56NpsMUp9BL_12gigastt_core9inference6decode6argmax0B7_
FNDA:0,_RNCNvNtNtCscGbmKBa7Tyy_12gigastt_core9inference6decode22argmax_with_confidence0B7_
FNDA:0,_RNvNtNtCscGbmKBa7Tyy_12gigastt_core9inference6decode11run_decoder
FNDA:0,_RNvNtNtCscGbmKBa7Tyy_12gigastt_core9inference6decode13greedy_decode
FNDA:0,_RNvNtNtCscGbmKBa7Tyy_12gigastt_core9inference6decode17run_joiner_single
FNDA:0,_RNvNtNtCscGbmKBa7Tyy_12gigastt_core9inference6decode22argmax_with_confidence
FNDA:1,_RNvNtNtNtCscGbmKBa7Tyy_12gigastt_core9inference6decode5testss_24test_argmax_clear_winner
FNDA:1,_RNvNtNtNtCscGbmKBa7Tyy_12gigastt_core9inference6decode5testss_26test_argmax_single_element
FNDA:1,_RNvNtNtNtCscGbmKBa7Tyy_12gigastt_core9inference6decode5testss_27test_argmax_negative_values
FNDA:1,_RNvNtNtNtCscGbmKBa7Tyy_12gigastt_core9inference6decode5testss_28test_argmax_tie_returns_last
FNDA:1,_RNvNtNtNtCscGbmKBa7Tyy_12gigastt_core9inference6decode5testss_29test_argmax_blank_id_selected
FNDA:1,_RNvNtNtNtCscGbmKBa7Tyy_12gigastt_core9inference6decode5testss_31test_argmax_empty_returns_blank
FNDA:1,_RNvNtNtNtCscGbmKBa7Tyy_12gigastt_core9inference6decode5testss_31test_extract_encoder_frame_last
FNDA:1,_RNvNtNtNtCscGbmKBa7Tyy_12gigastt_core9inference6decode5testss_32test_extract_encoder_frame_first
FNDA:1,_RNvNtNtNtCscGbmKBa7Tyy_12gigastt_core9inference6decode5testss_33test_extract_encoder_frame_middle
FNDA:3,_RNvNtNtCscGbmKBa7Tyy_12gigastt_core9inference6decode21extract_encoder_frame
FNDA:6,_RNvNtNtCscGbmKBa7Tyy_12gigastt_core9inference6decode6argmax
FNDA:9,_RNCNvNtNtCscGbmKBa7Tyy_12gigastt_core9inference6decode6argmax0B7_
FNF:17
FNH:12
DA:32,3
DA:33,3
DA:34,3
DA:35,3
DA:36,3
DA:37,3
DA:38,6
DA:39,6
DA:40,6
DA:41,3
DA:46,6
DA:47,6
DA:48,6
DA:49,6
DA:50,9
DA:51,6
DA:52,6
DA:53,6
DA:58,0
DA:59,0
DA:60,0
DA:61,0
DA:62,0
DA:63,0
DA:64,0
DA:65,0
DA:66,0
DA:67,0
DA:86,0
DA:87,0
DA:88,0
DA:89,0
DA:90,0
DA:92,0
DA:93,0
DA:94,0
DA:96,0
DA:97,0
DA:98,0
DA:99,0
DA:100,0
DA:101,0
DA:102,0
DA:103,0
DA:104,0
DA:106,0
DA:107,0
DA:108,0
DA:109,0
DA:110,0
DA:111,0
DA:117,0
DA:118,0
DA:119,0
DA:120,0
DA:121,0
DA:122,0
DA:123,0
DA:124,0
DA:126,0
DA:127,0
DA:128,0
DA:130,0
DA:131,0
DA:132,0
DA:134,0
DA:135,0
DA:136,0
DA:137,0
DA:147,0
DA:148,0
DA:149,0
DA:150,0
DA:151,0
DA:152,0
DA:153,0
DA:154,0
DA:155,0
DA:156,0
DA:159,0
DA:161,0
DA:162,0
DA:163,0
DA:164,0
DA:168,0
DA:169,0
DA:171,0
DA:172,0
DA:174,0
DA:175,0
DA:178,0
DA:179,0
DA:181,0
DA:188,0
DA:189,0
DA:190,0
DA:191,0
DA:193,0
DA:197,0
DA:198,0
DA:199,0
DA:200,0
DA:201,0
DA:202,0
DA:206,0
DA:207,0
DA:210,0
DA:213,0
DA:215,0
DA:216,0
DA:217,0
DA:218,0
DA:219,0
DA:220,0
DA:221,0
DA:223,0
DA:227,0
DA:228,0
DA:229,0
DA:230,0
DA:231,0
DA:232,0
DA:233,0
DA:234,0
DA:237,0
DA:238,0
DA:239,0
DA:240,0
DA:241,0
DA:243,0
DA:244,0
DA:247,0
DA:248,0
DA:249,0
DA:250,0
DA:251,0
DA:252,0
DA:253,0
DA:254,0
DA:255,0
DA:259,0
DA:266,0
DA:267,0
DA:268,0
DA:269,0
DA:270,0
DA:279,1
DA:281,1
DA:282,1
DA:283,1
DA:284,1
DA:285,1
DA:288,1
DA:289,1
DA:290,1
DA:291,1
DA:292,1
DA:293,1
DA:296,1
DA:297,1
DA:298,1
DA:299,1
DA:300,1
DA:301,1
DA:306,1
DA:307,1
DA:308,1
DA:309,1
DA:312,1
DA:314,1
DA:315,1
DA:316,1
DA:319,1
DA:320,1
DA:321,1
DA:322,1
DA:325,1
DA:326,1
DA:327,1
DA:328,1
DA:331,1
DA:332,1
DA:333,1
DA:334,1
DA:337,1
DA:339,1
DA:340,1
DA:341,1
BRF:0
BRH:0
LF:190
LH:61
end_of_record
SF:/Users/ekhodzitsky/Documents/personal/gigastt/crates/gigastt-core/src/inference/features.rs
FN:119,_RNvMNtNtCs56NpsMUp9BL_12gigastt_core9inference8featuresNtB2_14MelSpectrogram20compute_with_buffers
FN:54,_RNvMNtNtCs56NpsMUp9BL_12gigastt_core9inference8featuresNtB2_14MelSpectrogram21create_mel_filterbank
FN:17,_RNvMNtNtCs56NpsMUp9BL_12gigastt_core9inference8featuresNtB2_14MelSpectrogram3new
FN:105,_RNvMNtNtCs56NpsMUp9BL_12gigastt_core9inference8featuresNtB2_14MelSpectrogram7compute
FN:46,_RNvMNtNtCs56NpsMUp9BL_12gigastt_core9inference8featuresNtB2_14MelSpectrogram9hz_to_mel
FN:50,_RNvMNtNtCs56NpsMUp9BL_12gigastt_core9inference8featuresNtB2_14MelSpectrogram9mel_to_hz
FN:68,_RNCNvMNtNtCs56NpsMUp9BL_12gigastt_core9inference8featuresNtB4_14MelSpectrogram21create_mel_filterbank0B8_
FN:76,_RNCNvMNtNtCs56NpsMUp9BL_12gigastt_core9inference8featuresNtB4_14MelSpectrogram21create_mel_filterbanks0_0B8_
FN:71,_RNCNvMNtNtCs56NpsMUp9BL_12gigastt_core9inference8featuresNtB4_14MelSpectrogram21create_mel_filterbanks_0B8_
FN:27,_RNCNvMNtNtCs56NpsMUp9BL_12gigastt_core9inference8featuresNtB4_14MelSpectrogram3new0B8_
FN:188,_RNvNtNtNtCscGbmKBa7Tyy_12gigastt_core9inference8features5testss_12test_silence
FN:221,_RNvNtNtNtCscGbmKBa7Tyy_12gigastt_core9inference8features5testss_14test_sine_wave
FN:212,_RNvNtNtNtCscGbmKBa7Tyy_12gigastt_core9inference8features5testss_14test_too_short
FN:202,_RNvNtNtNtCscGbmKBa7Tyy_12gigastt_core9inference8features5testss_17test_output_shape
FN:225,_RNCNvNtNtNtCscGbmKBa7Tyy_12gigastt_core9inference8features5testss_14test_sine_wave0B9_
FN:233,_RNCNvNtNtNtCscGbmKBa7Tyy_12gigastt_core9inference8features5testss_14test_sine_waves_0B9_
FN:119,_RNvMNtNtCscGbmKBa7Tyy_12gigastt_core9inference8featuresNtB2_14MelSpectrogram20compute_with_buffers
FN:54,_RNvMNtNtCscGbmKBa7Tyy_12gigastt_core9inference8featuresNtB2_14MelSpectrogram21create_mel_filterbank
FN:17,_RNvMNtNtCscGbmKBa7Tyy_12gigastt_core9inference8featuresNtB2_14MelSpectrogram3new
FN:105,_RNvMNtNtCscGbmKBa7Tyy_12gigastt_core9inference8featuresNtB2_14MelSpectrogram7compute
FN:46,_RNvMNtNtCscGbmKBa7Tyy_12gigastt_core9inference8featuresNtB2_14MelSpectrogram9hz_to_mel
FN:50,_RNvMNtNtCscGbmKBa7Tyy_12gigastt_core9inference8featuresNtB2_14MelSpectrogram9mel_to_hz
FN:68,_RNCNvMNtNtCscGbmKBa7Tyy_12gigastt_core9inference8featuresNtB4_14MelSpectrogram21create_mel_filterbank0B8_
FN:76,_RNCNvMNtNtCscGbmKBa7Tyy_12gigastt_core9inference8featuresNtB4_14MelSpectrogram21create_mel_filterbanks0_0B8_
FN:71,_RNCNvMNtNtCscGbmKBa7Tyy_12gigastt_core9inference8featuresNtB4_14MelSpectrogram21create_mel_filterbanks_0B8_
FN:27,_RNCNvMNtNtCscGbmKBa7Tyy_12gigastt_core9inference8featuresNtB4_14MelSpectrogram3new0B8_
FNDA:0,_RNvMNtNtCs56NpsMUp9BL_12gigastt_core9inference8featuresNtB2_14MelSpectrogram20compute_with_buffers
FNDA:0,_RNvMNtNtCs56NpsMUp9BL_12gigastt_core9inference8featuresNtB2_14MelSpectrogram21create_mel_filterbank
FNDA:0,_RNvMNtNtCs56NpsMUp9BL_12gigastt_core9inference8featuresNtB2_14MelSpectrogram3new
FNDA:0,_RNvMNtNtCs56NpsMUp9BL_12gigastt_core9inference8featuresNtB2_14MelSpectrogram7compute
FNDA:0,_RNvMNtNtCs56NpsMUp9BL_12gigastt_core9inference8featuresNtB2_14MelSpectrogram9hz_to_mel
FNDA:0,_RNvMNtNtCs56NpsMUp9BL_12gigastt_core9inference8featuresNtB2_14MelSpectrogram9mel_to_hz
FNDA:0,_RNCNvMNtNtCs56NpsMUp9BL_12gigastt_core9inference8featuresNtB4_14MelSpectrogram21create_mel_filterbank0B8_
FNDA:0,_RNCNvMNtNtCs56NpsMUp9BL_12gigastt_core9inference8featuresNtB4_14MelSpectrogram21create_mel_filterbanks0_0B8_
FNDA:0,_RNCNvMNtNtCs56NpsMUp9BL_12gigastt_core9inference8featuresNtB4_14MelSpectrogram21create_mel_filterbanks_0B8_
FNDA:0,_RNCNvMNtNtCs56NpsMUp9BL_12gigastt_core9inference8featuresNtB4_14MelSpectrogram3new0B8_
FNDA:1,_RNvNtNtNtCscGbmKBa7Tyy_12gigastt_core9inference8features5testss_12test_silence
FNDA:1,_RNvNtNtNtCscGbmKBa7Tyy_12gigastt_core9inference8features5testss_14test_sine_wave
FNDA:1,_RNvNtNtNtCscGbmKBa7Tyy_12gigastt_core9inference8features5testss_14test_too_short
FNDA:1,_RNvNtNtNtCscGbmKBa7Tyy_12gigastt_core9inference8features5testss_17test_output_shape
FNDA:16000,_RNCNvNtNtNtCscGbmKBa7Tyy_12gigastt_core9inference8features5testss_14test_sine_wave0B9_
FNDA:6336,_RNCNvNtNtNtCscGbmKBa7Tyy_12gigastt_core9inference8features5testss_14test_sine_waves_0B9_
FNDA:5,_RNvMNtNtCscGbmKBa7Tyy_12gigastt_core9inference8featuresNtB2_14MelSpectrogram20compute_with_buffers
FNDA:6,_RNvMNtNtCscGbmKBa7Tyy_12gigastt_core9inference8featuresNtB2_14MelSpectrogram21create_mel_filterbank
FNDA:6,_RNvMNtNtCscGbmKBa7Tyy_12gigastt_core9inference8featuresNtB2_14MelSpectrogram3new
FNDA:5,_RNvMNtNtCscGbmKBa7Tyy_12gigastt_core9inference8featuresNtB2_14MelSpectrogram7compute
FNDA:12,_RNvMNtNtCscGbmKBa7Tyy_12gigastt_core9inference8featuresNtB2_14MelSpectrogram9hz_to_mel
FNDA:396,_RNvMNtNtCscGbmKBa7Tyy_12gigastt_core9inference8featuresNtB2_14MelSpectrogram9mel_to_hz
FNDA:396,_RNCNvMNtNtCscGbmKBa7Tyy_12gigastt_core9inference8featuresNtB4_14MelSpectrogram21create_mel_filterbank0B8_
FNDA:396,_RNCNvMNtNtCscGbmKBa7Tyy_12gigastt_core9inference8featuresNtB4_14MelSpectrogram21create_mel_filterbanks0_0B8_
FNDA:396,_RNCNvMNtNtCscGbmKBa7Tyy_12gigastt_core9inference8featuresNtB4_14MelSpectrogram21create_mel_filterbanks_0B8_
FNDA:1920,_RNCNvMNtNtCscGbmKBa7Tyy_12gigastt_core9inference8featuresNtB4_14MelSpectrogram3new0B8_
FNF:16
FNH:16
DA:17,6
DA:18,6
DA:19,6
DA:20,6
DA:21,6
DA:22,6
DA:23,6
DA:26,6
DA:27,1920
DA:28,6
DA:31,6
DA:34,6
DA:35,6
DA:37,6
DA:38,6
DA:39,6
DA:40,6
DA:41,6
DA:42,6
DA:43,6
DA:44,6
DA:46,12
DA:47,12
DA:48,12
DA:50,396
DA:51,396
DA:52,396
DA:54,6
DA:55,6
DA:56,6
DA:57,6
DA:58,6
DA:59,6
DA:60,6
DA:61,6
DA:63,6
DA:64,6
DA:67,6
DA:68,396
DA:69,6
DA:71,396
DA:74,6
DA:75,6
DA:76,396
DA:77,6
DA:79,6
DA:81,384
DA:82,384
DA:83,384
DA:84,384
DA:86,384
DA:87,61824
DA:88,61824
DA:89,61824
DA:90,924
DA:91,60900
DA:92,960
DA:94,59940
DA:96,61824
DA:100,6
DA:101,6
DA:105,5
DA:106,5
DA:107,5
DA:108,5
DA:109,5
DA:110,5
DA:111,5
DA:112,5
DA:113,5
DA:119,5
DA:120,5
DA:121,5
DA:122,5
DA:123,5
DA:124,5
DA:125,5
DA:126,5
DA:129,5
DA:130,5
DA:131,2
DA:132,2
DA:133,3
DA:134,3
DA:136,3
DA:139,3
DA:140,0
DA:141,3
DA:142,3
DA:143,0
DA:144,3
DA:146,217
DA:147,217
DA:150,69440
DA:151,69440
DA:152,69440
DA:154,0
DA:156,69440
DA:160,217
DA:163,34937
DA:164,34937
DA:165,34937
DA:168,13888
DA:169,13888
DA:170,13888
DA:171,2235968
DA:172,2235968
DA:173,2235968
DA:175,13888
DA:179,3
DA:180,5
DA:188,1
DA:189,1
DA:190,1
DA:191,1
DA:192,1
DA:193,1
DA:195,1
DA:196,6336
DA:197,6336
DA:199,1
DA:202,1
DA:203,1
DA:204,1
DA:205,1
DA:207,1
DA:208,1
DA:209,1
DA:212,1
DA:213,1
DA:214,1
DA:215,1
DA:216,1
DA:217,1
DA:218,1
DA:221,1
DA:222,1
DA:224,1
DA:225,16000
DA:226,1
DA:227,1
DA:228,1
DA:230,1
DA:231,1
DA:232,1
DA:233,6336
DA:234,1
DA:235,1
DA:236,1
DA:239,1
BRF:0
BRH:0
LF:156
LH:153
end_of_record
SF:/Users/ekhodzitsky/Documents/personal/gigastt/crates/gigastt-core/src/inference/mod.rs
FN:174,_RNCNvMs1_NtCs56NpsMUp9BL_12gigastt_core9inferenceINtB7_4PoolNtB7_14SessionTripletE8checkout0Csbd9nAVVXtRC_7gigastt
FN:343,_RNCNvMs3_NtCs56NpsMUp9BL_12gigastt_core9inferenceINtB7_9PoolGuardNtB7_14SessionTripletE10into_owned0Csbd9nAVVXtRC_7gigastt
FN:405,_RNCNvXs8_NtCs56NpsMUp9BL_12gigastt_core9inferenceINtB7_16OwnedReservationNtB7_14SessionTripletENtNtNtCsl8K0bEFm1U0_4core3ops5deref8DerefMut9deref_mut0Csbd9nAVVXtRC_7gigastt
FN:251,_RNvMs1_NtCs56NpsMUp9BL_12gigastt_core9inferenceINtB5_4PoolNtB5_14SessionTripletE5closeCsbd9nAVVXtRC_7gigastt
FN:261,_RNvMs1_NtCs56NpsMUp9BL_12gigastt_core9inferenceINtB5_4PoolNtB5_14SessionTripletE5totalCsbd9nAVVXtRC_7gigastt
FN:272,_RNvMs1_NtCs56NpsMUp9BL_12gigastt_core9inferenceINtB5_4PoolNtB5_14SessionTripletE7waitersCsbd9nAVVXtRC_7gigastt
FN:174,_RNvMs1_NtCs56NpsMUp9BL_12gigastt_core9inferenceINtB5_4PoolNtB5_14SessionTripletE8checkoutCsbd9nAVVXtRC_7gigastt
FN:266,_RNvMs1_NtCs56NpsMUp9BL_12gigastt_core9inferenceINtB5_4PoolNtB5_14SessionTripletE9availableCsbd9nAVVXtRC_7gigastt
FN:279,_RNvMs2_NtCs56NpsMUp9BL_12gigastt_core9inferenceINtB5_9PoolInnerNtB5_14SessionTripletE7checkinCsbd9nAVVXtRC_7gigastt
FN:339,_RNvMs3_NtCs56NpsMUp9BL_12gigastt_core9inferenceINtB5_9PoolGuardNtB5_14SessionTripletE10into_ownedCsbd9nAVVXtRC_7gigastt
FN:327,_RNvMs3_NtCs56NpsMUp9BL_12gigastt_core9inferenceINtB5_9PoolGuardNtB5_14SessionTripletE3newCsbd9nAVVXtRC_7gigastt
FN:402,_RNvXs8_NtCs56NpsMUp9BL_12gigastt_core9inferenceINtB5_16OwnedReservationNtB5_14SessionTripletENtNtNtCsl8K0bEFm1U0_4core3ops5deref8DerefMut9deref_mutCsbd9nAVVXtRC_7gigastt
FN:371,_RNvXs6_NtCs56NpsMUp9BL_12gigastt_core9inferenceINtB5_9PoolGuardNtB5_14SessionTripletENtNtNtCsl8K0bEFm1U0_4core3ops4drop4Drop4dropCsbd9nAVVXtRC_7gigastt
FN:420,_RNvXsa_NtCs56NpsMUp9BL_12gigastt_core9inferenceINtB5_16OwnedReservationNtB5_14SessionTripletENtNtNtCsl8K0bEFm1U0_4core3ops4drop4Drop4dropCsbd9nAVVXtRC_7gigastt
FN:174,_RNCNvMs1_NtCs56NpsMUp9BL_12gigastt_core9inferenceINtB7_4PoolpE8checkout0B9_
FN:343,_RNCNvMs3_NtCs56NpsMUp9BL_12gigastt_core9inferenceINtB7_9PoolGuardpE10into_owned0B9_
FN:358,_RNCNvXININtCs56NpsMUp9BL_12gigastt_core9inferences4_0pEINtB7_9PoolGuardpENtNtNtCsl8K0bEFm1U0_4core3ops5deref5Deref5deref0B9_
FN:366,_RNCNvXININtCs56NpsMUp9BL_12gigastt_core9inferences5_0pEINtB7_9PoolGuardpENtNtNtCsl8K0bEFm1U0_4core3ops5deref8DerefMut9deref_mut0B9_
FN:397,_RNCNvXININtCs56NpsMUp9BL_12gigastt_core9inferences7_0pEINtB7_16OwnedReservationpENtNtNtCsl8K0bEFm1U0_4core3ops5deref5Deref5deref0B9_
FN:405,_RNCNvXININtCs56NpsMUp9BL_12gigastt_core9inferences8_0pEINtB7_16OwnedReservationpENtNtNtCsl8K0bEFm1U0_4core3ops5deref8DerefMut9deref_mut0B9_
FN:213,_RNvMs1_NtCs56NpsMUp9BL_12gigastt_core9inferenceINtB5_4PoolpE17checkout_blockingB7_
FN:251,_RNvMs1_NtCs56NpsMUp9BL_12gigastt_core9inferenceINtB5_4PoolpE5closeB7_
FN:261,_RNvMs1_NtCs56NpsMUp9BL_12gigastt_core9inferenceINtB5_4PoolpE5totalB7_
FN:272,_RNvMs1_NtCs56NpsMUp9BL_12gigastt_core9inferenceINtB5_4PoolpE7waitersB7_
FN:174,_RNvMs1_NtCs56NpsMUp9BL_12gigastt_core9inferenceINtB5_4PoolpE8checkoutB7_
FN:266,_RNvMs1_NtCs56NpsMUp9BL_12gigastt_core9inferenceINtB5_4PoolpE9availableB7_
FN:279,_RNvMs2_NtCs56NpsMUp9BL_12gigastt_core9inferenceINtB5_9PoolInnerpE7checkinB7_
FN:339,_RNvMs3_NtCs56NpsMUp9BL_12gigastt_core9inferenceINtB5_9PoolGuardpE10into_ownedB7_
FN:327,_RNvMs3_NtCs56NpsMUp9BL_12gigastt_core9inferenceINtB5_9PoolGuardpE3newB7_
FN:412,_RNvMs9_NtCs56NpsMUp9BL_12gigastt_core9inferenceINtB5_16OwnedReservationpE7checkinB7_
FN:355,_RNvXININtCs56NpsMUp9BL_12gigastt_core9inferences4_0pEINtB5_9PoolGuardpENtNtNtCsl8K0bEFm1U0_4core3ops5deref5Deref5derefB7_
FN:363,_RNvXININtCs56NpsMUp9BL_12gigastt_core9inferences5_0pEINtB5_9PoolGuardpENtNtNtCsl8K0bEFm1U0_4core3ops5deref8DerefMut9deref_mutB7_
FN:371,_RNvXININtCs56NpsMUp9BL_12gigastt_core9inferences6_0pEINtB5_9PoolGuardpENtNtNtCsl8K0bEFm1U0_4core3ops4drop4Drop4dropB7_
FN:394,_RNvXININtCs56NpsMUp9BL_12gigastt_core9inferences7_0pEINtB5_16OwnedReservationpENtNtNtCsl8K0bEFm1U0_4core3ops5deref5Deref5derefB7_
FN:402,_RNvXININtCs56NpsMUp9BL_12gigastt_core9inferences8_0pEINtB5_16OwnedReservationpENtNtNtCsl8K0bEFm1U0_4core3ops5deref8DerefMut9deref_mutB7_
FN:420,_RNvXININtCs56NpsMUp9BL_12gigastt_core9inferencesa_0pEINtB5_16OwnedReservationpENtNtNtCsl8K0bEFm1U0_4core3ops4drop4Drop4dropB7_
FN:73,_RINvNtCs56NpsMUp9BL_12gigastt_core9inference7ort_errINtNtCseRMXi1nj7qc_3ort5error5ErrorNtNtNtBT_7session7builder14SessionBuilderEEB4_
FN:73,_RINvNtCs56NpsMUp9BL_12gigastt_core9inference7ort_errNtNtCseRMXi1nj7qc_3ort5error5ErrorEB4_
FN:848,_RNCNCNCNCNvMsg_NtCs56NpsMUp9BL_12gigastt_core9inferenceNtBd_6Engine10load_inner0000Bf_
FN:860,_RNCNCNCNCNvMsg_NtCs56NpsMUp9BL_12gigastt_core9inferenceNtBd_6Engine10load_inner000s_0Bf_
FN:847,_RNCNCNCNvMsg_NtCs56NpsMUp9BL_12gigastt_core9inferenceNtBb_6Engine10load_inner000Bd_
FN:845,_RNCNCNvMsg_NtCs56NpsMUp9BL_12gigastt_core9inferenceNtB9_6Engine10load_inner00Bb_
FN:866,_RNCNCNvMsg_NtCs56NpsMUp9BL_12gigastt_core9inferenceNtB9_6Engine10load_inner0s_0Bb_
FN:843,_RNCNvMsg_NtCs56NpsMUp9BL_12gigastt_core9inferenceNtB7_6Engine10load_inner0B9_
FN:780,_RNCNvMsg_NtCs56NpsMUp9BL_12gigastt_core9inferenceNtB7_6Engine13load_sessions0B9_
FN:1043,_RNCNvMsg_NtCs56NpsMUp9BL_12gigastt_core9inferenceNtB7_6Engine13process_chunk0B9_
FN:1107,_RNCNvMsg_NtCs56NpsMUp9BL_12gigastt_core9inferenceNtB7_6Engine15transcribe_file0B9_
FN:1162,_RNCNvMsg_NtCs56NpsMUp9BL_12gigastt_core9inferenceNtB7_6Engine18transcribe_samples0B9_
FN:1191,_RNCNvMsg_NtCs56NpsMUp9BL_12gigastt_core9inferenceNtB7_6Engine18transcribe_sampless0_0B9_
FN:1177,_RNCNvMsg_NtCs56NpsMUp9BL_12gigastt_core9inferenceNtB7_6Engine18transcribe_sampless_0B9_
FN:680,_RNCNvMsg_NtCs56NpsMUp9BL_12gigastt_core9inferenceNtB7_6Engine19load_with_pool_size0B9_
FN:1140,_RNCNvMsg_NtCs56NpsMUp9BL_12gigastt_core9inferenceNtB7_6Engine23transcribe_bytes_shared0B9_
FN:158,_RNvMs1_NtCs56NpsMUp9BL_12gigastt_core9inferenceINtB5_4PoolNtB5_14SessionTripletE3newB7_
FN:445,_RNvMsb_NtCs56NpsMUp9BL_12gigastt_core9inferenceNtB5_12DecoderState3new
FN:535,_RNvMsd_NtCs56NpsMUp9BL_12gigastt_core9inferenceNtB5_16FeatureExtractor11compute_mel
FN:530,_RNvMsd_NtCs56NpsMUp9BL_12gigastt_core9inferenceNtB5_16FeatureExtractor14prepare_buffer
FN:523,_RNvMsd_NtCs56NpsMUp9BL_12gigastt_core9inferenceNtB5_16FeatureExtractor3new
FN:547,_RNvMsd_NtCs56NpsMUp9BL_12gigastt_core9inferenceNtB5_16FeatureExtractor7compute
FN:570,_RNvMsf_NtCs56NpsMUp9BL_12gigastt_core9inferenceNtB5_19TranscriptAssembler3new
FN:578,_RNvMsf_NtCs56NpsMUp9BL_12gigastt_core9inferenceNtB5_19TranscriptAssembler6append
FN:599,_RNvMsf_NtCs56NpsMUp9BL_12gigastt_core9inferenceNtB5_19TranscriptAssembler7partial
FN:589,_RNvMsf_NtCs56NpsMUp9BL_12gigastt_core9inferenceNtB5_19TranscriptAssembler8finalize
FN:609,_RNvMsf_NtCs56NpsMUp9BL_12gigastt_core9inferenceNtB5_19TranscriptAssembler8is_empty
FN:825,_RNvMsg_NtCs56NpsMUp9BL_12gigastt_core9inferenceNtB5_6Engine10load_inner
FN:653,_RNvMsg_NtCs56NpsMUp9BL_12gigastt_core9inferenceNtB5_6Engine10vocab_size
FN:1084,_RNvMsg_NtCs56NpsMUp9BL_12gigastt_core9inferenceNtB5_6Engine11flush_state
FN:931,_RNvMsg_NtCs56NpsMUp9BL_12gigastt_core9inferenceNtB5_6Engine12create_state
FN:686,_RNvMsg_NtCs56NpsMUp9BL_12gigastt_core9inferenceNtB5_6Engine13load_sessions
FN:987,_RNvMsg_NtCs56NpsMUp9BL_12gigastt_core9inferenceNtB5_6Engine13process_chunk
FN:1202,_RNvMsg_NtCs56NpsMUp9BL_12gigastt_core9inferenceNtB5_6Engine13run_inference
FN:1267,_RNvMsg_NtCs56NpsMUp9BL_12gigastt_core9inferenceNtB5_6Engine15tokens_to_words
FN:1100,_RNvMsg_NtCs56NpsMUp9BL_12gigastt_core9inferenceNtB5_6Engine15transcribe_file
FN:1117,_RNvMsg_NtCs56NpsMUp9BL_12gigastt_core9inferenceNtB5_6Engine16transcribe_bytes
FN:1148,_RNvMsg_NtCs56NpsMUp9BL_12gigastt_core9inferenceNtB5_6Engine18transcribe_samples
FN:920,_RNvMsg_NtCs56NpsMUp9BL_12gigastt_core9inferenceNtB5_6Engine19has_speaker_encoder
FN:671,_RNvMsg_NtCs56NpsMUp9BL_12gigastt_core9inferenceNtB5_6Engine19load_with_pool_size
FN:1133,_RNvMsg_NtCs56NpsMUp9BL_12gigastt_core9inferenceNtB5_6Engine23transcribe_bytes_shared
FN:666,_RNvMsg_NtCs56NpsMUp9BL_12gigastt_core9inferenceNtB5_6Engine4load
FN:646,_RNvMsg_NtCs56NpsMUp9BL_12gigastt_core9inferenceNtB5_6Engine7is_int8
FN:1367,_RNvMsh_NtCs56NpsMUp9BL_12gigastt_core9inferenceNtB5_17TranscriptSegment11empty_final
FN:77,_RNvNtCs56NpsMUp9BL_12gigastt_core9inference13now_timestamp
FN:42,_RNvXNtCs56NpsMUp9BL_12gigastt_core9inferenceNtB2_15SharedExtractorNtNtCsf2bSCHOBZc7_9polyvoice9embedding18EmbeddingExtractor13embedding_dim
FN:38,_RNvXNtCs56NpsMUp9BL_12gigastt_core9inferenceNtB2_15SharedExtractorNtNtCsf2bSCHOBZc7_9polyvoice9embedding18EmbeddingExtractor7extract
FN:118,_RNvXs_NtCs56NpsMUp9BL_12gigastt_core9inferenceNtB4_9PoolErrorNtNtCsl8K0bEFm1U0_4core3fmt7Display3fmt
FN:516,_RNvXsc_NtCs56NpsMUp9BL_12gigastt_core9inferenceNtB5_16FeatureExtractorNtNtCsl8K0bEFm1U0_4core7default7Default7default
FN:563,_RNvXse_NtCs56NpsMUp9BL_12gigastt_core9inferenceNtB5_19TranscriptAssemblerNtNtCsl8K0bEFm1U0_4core7default7Default7default
FN:174,_RNCNvMs1_NtCs56NpsMUp9BL_12gigastt_core9inferenceINtB7_4PoolNtB7_14SessionTripletE8checkout0Csk023ZLJrxN2_7gigastt
FN:343,_RNCNvMs3_NtCs56NpsMUp9BL_12gigastt_core9inferenceINtB7_9PoolGuardNtB7_14SessionTripletE10into_owned0Csk023ZLJrxN2_7gigastt
FN:405,_RNCNvXs8_NtCs56NpsMUp9BL_12gigastt_core9inferenceINtB7_16OwnedReservationNtB7_14SessionTripletENtNtNtCsl8K0bEFm1U0_4core3ops5deref8DerefMut9deref_mut0Csk023ZLJrxN2_7gigastt
FN:213,_RNvMs1_NtCs56NpsMUp9BL_12gigastt_core9inferenceINtB5_4PoolNtB5_14SessionTripletE17checkout_blockingCsk023ZLJrxN2_7gigastt
FN:251,_RNvMs1_NtCs56NpsMUp9BL_12gigastt_core9inferenceINtB5_4PoolNtB5_14SessionTripletE5closeCsk023ZLJrxN2_7gigastt
FN:261,_RNvMs1_NtCs56NpsMUp9BL_12gigastt_core9inferenceINtB5_4PoolNtB5_14SessionTripletE5totalCsk023ZLJrxN2_7gigastt
FN:272,_RNvMs1_NtCs56NpsMUp9BL_12gigastt_core9inferenceINtB5_4PoolNtB5_14SessionTripletE7waitersCsk023ZLJrxN2_7gigastt
FN:174,_RNvMs1_NtCs56NpsMUp9BL_12gigastt_core9inferenceINtB5_4PoolNtB5_14SessionTripletE8checkoutCsk023ZLJrxN2_7gigastt
FN:266,_RNvMs1_NtCs56NpsMUp9BL_12gigastt_core9inferenceINtB5_4PoolNtB5_14SessionTripletE9availableCsk023ZLJrxN2_7gigastt
FN:279,_RNvMs2_NtCs56NpsMUp9BL_12gigastt_core9inferenceINtB5_9PoolInnerNtB5_14SessionTripletE7checkinCsk023ZLJrxN2_7gigastt
FN:339,_RNvMs3_NtCs56NpsMUp9BL_12gigastt_core9inferenceINtB5_9PoolGuardNtB5_14SessionTripletE10into_ownedCsk023ZLJrxN2_7gigastt
FN:327,_RNvMs3_NtCs56NpsMUp9BL_12gigastt_core9inferenceINtB5_9PoolGuardNtB5_14SessionTripletE3newCsk023ZLJrxN2_7gigastt
FN:402,_RNvXs8_NtCs56NpsMUp9BL_12gigastt_core9inferenceINtB5_16OwnedReservationNtB5_14SessionTripletENtNtNtCsl8K0bEFm1U0_4core3ops5deref8DerefMut9deref_mutCsk023ZLJrxN2_7gigastt
FN:371,_RNvXs6_NtCs56NpsMUp9BL_12gigastt_core9inferenceINtB5_9PoolGuardNtB5_14SessionTripletENtNtNtCsl8K0bEFm1U0_4core3ops4drop4Drop4dropCsk023ZLJrxN2_7gigastt
FN:420,_RNvXsa_NtCs56NpsMUp9BL_12gigastt_core9inferenceINtB5_16OwnedReservationNtB5_14SessionTripletENtNtNtCsl8K0bEFm1U0_4core3ops4drop4Drop4dropCsk023ZLJrxN2_7gigastt
FN:1043,_RNCNvMsg_NtCscGbmKBa7Tyy_12gigastt_core9inferenceNtB7_6Engine13process_chunk0B9_
FN:1107,_RNCNvMsg_NtCscGbmKBa7Tyy_12gigastt_core9inferenceNtB7_6Engine15transcribe_file0B9_
FN:1162,_RNCNvMsg_NtCscGbmKBa7Tyy_12gigastt_core9inferenceNtB7_6Engine18transcribe_samples0B9_
FN:1191,_RNCNvMsg_NtCscGbmKBa7Tyy_12gigastt_core9inferenceNtB7_6Engine18transcribe_sampless0_0B9_
FN:1177,_RNCNvMsg_NtCscGbmKBa7Tyy_12gigastt_core9inferenceNtB7_6Engine18transcribe_sampless_0B9_
FN:1140,_RNCNvMsg_NtCscGbmKBa7Tyy_12gigastt_core9inferenceNtB7_6Engine23transcribe_bytes_shared0B9_
FN:366,_RNCNvXININtCscGbmKBa7Tyy_12gigastt_core9inferences5_0pEINtB7_9PoolGuardpENtNtNtCsl8K0bEFm1U0_4core3ops5deref8DerefMut9deref_mut0B9_
FN:261,_RNvMs1_NtCscGbmKBa7Tyy_12gigastt_core9inferenceINtB5_4PoolpE5totalB7_
FN:535,_RNvMsd_NtCscGbmKBa7Tyy_12gigastt_core9inferenceNtB5_16FeatureExtractor11compute_mel
FN:530,_RNvMsd_NtCscGbmKBa7Tyy_12gigastt_core9inferenceNtB5_16FeatureExtractor14prepare_buffer
FN:653,_RNvMsg_NtCscGbmKBa7Tyy_12gigastt_core9inferenceNtB5_6Engine10vocab_size
FN:1084,_RNvMsg_NtCscGbmKBa7Tyy_12gigastt_core9inferenceNtB5_6Engine11flush_state
FN:931,_RNvMsg_NtCscGbmKBa7Tyy_12gigastt_core9inferenceNtB5_6Engine12create_state
FN:987,_RNvMsg_NtCscGbmKBa7Tyy_12gigastt_core9inferenceNtB5_6Engine13process_chunk
FN:1202,_RNvMsg_NtCscGbmKBa7Tyy_12gigastt_core9inferenceNtB5_6Engine13run_inference
FN:1267,_RNvMsg_NtCscGbmKBa7Tyy_12gigastt_core9inferenceNtB5_6Engine15tokens_to_words
FN:1100,_RNvMsg_NtCscGbmKBa7Tyy_12gigastt_core9inferenceNtB5_6Engine15transcribe_file
FN:1117,_RNvMsg_NtCscGbmKBa7Tyy_12gigastt_core9inferenceNtB5_6Engine16transcribe_bytes
FN:1148,_RNvMsg_NtCscGbmKBa7Tyy_12gigastt_core9inferenceNtB5_6Engine18transcribe_samples
FN:920,_RNvMsg_NtCscGbmKBa7Tyy_12gigastt_core9inferenceNtB5_6Engine19has_speaker_encoder
FN:1133,_RNvMsg_NtCscGbmKBa7Tyy_12gigastt_core9inferenceNtB5_6Engine23transcribe_bytes_shared
FN:666,_RNvMsg_NtCscGbmKBa7Tyy_12gigastt_core9inferenceNtB5_6Engine4load
FN:646,_RNvMsg_NtCscGbmKBa7Tyy_12gigastt_core9inferenceNtB5_6Engine7is_int8
FN:1367,_RNvMsh_NtCscGbmKBa7Tyy_12gigastt_core9inferenceNtB5_17TranscriptSegment11empty_final
FN:363,_RNvXININtCscGbmKBa7Tyy_12gigastt_core9inferences5_0pEINtB5_9PoolGuardpENtNtNtCsl8K0bEFm1U0_4core3ops5deref8DerefMut9deref_mutB7_
FN:42,_RNvXNtCscGbmKBa7Tyy_12gigastt_core9inferenceNtB2_15SharedExtractorNtNtCsf2bSCHOBZc7_9polyvoice9embedding18EmbeddingExtractor13embedding_dim
FN:38,_RNvXNtCscGbmKBa7Tyy_12gigastt_core9inferenceNtB2_15SharedExtractorNtNtCsf2bSCHOBZc7_9polyvoice9embedding18EmbeddingExtractor7extract
FN:371,_RNvXs6_NtCscGbmKBa7Tyy_12gigastt_core9inferenceINtB5_9PoolGuardNtNtCs1OjIl8oxbrv_5alloc6string6StringENtNtNtCsl8K0bEFm1U0_4core3ops4drop4Drop4dropB7_
FN:371,_RNvXs6_NtCscGbmKBa7Tyy_12gigastt_core9inferenceINtB5_9PoolGuardmENtNtNtCsl8K0bEFm1U0_4core3ops4drop4Drop4dropB7_
FN:420,_RNvXsa_NtCscGbmKBa7Tyy_12gigastt_core9inferenceINtB5_16OwnedReservationNtNtCs1OjIl8oxbrv_5alloc6string6StringENtNtNtCsl8K0bEFm1U0_4core3ops4drop4Drop4dropB7_
FN:420,_RNvXsa_NtCscGbmKBa7Tyy_12gigastt_core9inferenceINtB5_16OwnedReservationmENtNtNtCsl8K0bEFm1U0_4core3ops4drop4Drop4dropB7_
FN:1456,_RNvNtNtCscGbmKBa7Tyy_12gigastt_core9inference5testss_12test_ort_err
FN:1451,_RNvNtNtCscGbmKBa7Tyy_12gigastt_core9inference5testss_23test_pool_error_display
FN:1640,_RNvNtNtCscGbmKBa7Tyy_12gigastt_core9inference5testss_23test_pool_waiters_count
FN:1468,_RNvNtNtCscGbmKBa7Tyy_12gigastt_core9inference5testss_26test_engine_load_empty_dir
FN:1382,_RNvNtNtCscGbmKBa7Tyy_12gigastt_core9inference5testss_28test_decoder_state_new_zeros
FN:1462,_RNvNtNtCscGbmKBa7Tyy_12gigastt_core9inference5testss_28test_engine_load_missing_dir
FN:1391,_RNvNtNtCscGbmKBa7Tyy_12gigastt_core9inference5testss_29test_decoder_state_dimensions
FN:1631,_RNvNtNtCscGbmKBa7Tyy_12gigastt_core9inference5testss_29test_pool_close_is_idempotent
FN:1404,_RNvNtNtCscGbmKBa7Tyy_12gigastt_core9inference5testss_30test_feature_extractor_default
FN:1825,_RNvNtNtCscGbmKBa7Tyy_12gigastt_core9inference5testss_31test_now_timestamp_non_negative
FN:1534,_RNvNtNtCscGbmKBa7Tyy_12gigastt_core9inference5testss_31test_pool_fifo_under_contention
FN:1409,_RNvNtNtCscGbmKBa7Tyy_12gigastt_core9inference5testss_33test_transcript_assembler_default
FN:1797,_RNvNtNtCscGbmKBa7Tyy_12gigastt_core9inference5testss_33test_transcript_assembler_partial
FN:1398,_RNvNtNtCscGbmKBa7Tyy_12gigastt_core9inference5testss_34test_decoder_state_custom_blank_id
FN:1570,_RNvNtNtCscGbmKBa7Tyy_12gigastt_core9inference5testss_34test_into_owned_for_spawn_blocking
FN:1425,_RNvNtNtCscGbmKBa7Tyy_12gigastt_core9inference5testss_34test_pool_checkout_blocking_closed
FN:1814,_RNvNtNtCscGbmKBa7Tyy_12gigastt_core9inference5testss_36test_feature_extractor_compute_empty
FN:1416,_RNvNtNtCscGbmKBa7Tyy_12gigastt_core9inference5testss_37test_pool_checkout_blocking_fast_path
FN:1432,_RNvNtNtCscGbmKBa7Tyy_12gigastt_core9inference5testss_37test_pool_checkout_blocking_slow_path
FN:1614,_RNvNtNtCscGbmKBa7Tyy_12gigastt_core9inference5testss_40test_owned_reservation_drop_returns_item
FN:1514,_RNvNtNtCscGbmKBa7Tyy_12gigastt_core9inference5testss_41test_pool_close_wakes_waiters_with_closed
FN:1735,_RNvNtNtCscGbmKBa7Tyy_12gigastt_core9inference5testss_43test_pool_multiple_dead_waiters_are_skipped
FN:1712,_RNvNtNtCscGbmKBa7Tyy_12gigastt_core9inference5testss_45test_pool_slot_not_leaked_on_timeout_checkout
FN:1767,_RNvNtNtCscGbmKBa7Tyy_12gigastt_core9inference5testss_45test_transcript_assembler_append_and_finalize
FN:1482,_RNvNtNtCscGbmKBa7Tyy_12gigastt_core9inference5testss_46test_pool_guard_returns_triplet_on_normal_drop
FN:1494,_RNvNtNtCscGbmKBa7Tyy_12gigastt_core9inference5testss_47test_pool_guard_returns_triplet_on_panic_unwind
FN:1682,_RNvNtNtCscGbmKBa7Tyy_12gigastt_core9inference5testss_47test_pool_slot_not_leaked_on_cancelled_checkout
FN:1658,_RNvNtNtCscGbmKBa7Tyy_12gigastt_core9inference5testss_48test_owned_reservation_round_trip_through_option
FN:1592,_RNvNtNtCscGbmKBa7Tyy_12gigastt_core9inference5testss_54test_owned_reservation_returns_on_spawn_blocking_panic
FN:1644,_RNCNCNvNtNtCscGbmKBa7Tyy_12gigastt_core9inference5testss_23test_pool_waiters_count00B9_
FN:1648,_RNCNCNvNtNtCscGbmKBa7Tyy_12gigastt_core9inference5testss_23test_pool_waiters_count0s_0B9_
FN:1549,_RNCNCNvNtNtCscGbmKBa7Tyy_12gigastt_core9inference5testss_31test_pool_fifo_under_contention00B9_
FN:1577,_RNCNCNvNtNtCscGbmKBa7Tyy_12gigastt_core9inference5testss_34test_into_owned_for_spawn_blocking00B9_
FN:1620,_RNCNCNvNtNtCscGbmKBa7Tyy_12gigastt_core9inference5testss_40test_owned_reservation_drop_returns_item00B9_
FN:1522,_RNCNCNvNtNtCscGbmKBa7Tyy_12gigastt_core9inference5testss_41test_pool_close_wakes_waiters_with_closed00B9_
FN:1745,_RNCNCNvNtNtCscGbmKBa7Tyy_12gigastt_core9inference5testss_43test_pool_multiple_dead_waiters_are_skipped00B9_
FN:1501,_RNCNCNvNtNtCscGbmKBa7Tyy_12gigastt_core9inference5testss_47test_pool_guard_returns_triplet_on_panic_unwind00B9_
FN:1693,_RNCNCNvNtNtCscGbmKBa7Tyy_12gigastt_core9inference5testss_47test_pool_slot_not_leaked_on_cancelled_checkout00B9_
FN:1666,_RNCNCNvNtNtCscGbmKBa7Tyy_12gigastt_core9inference5testss_48test_owned_reservation_round_trip_through_option00B9_
FN:1599,_RNCNCNvNtNtCscGbmKBa7Tyy_12gigastt_core9inference5testss_54test_owned_reservation_returns_on_spawn_blocking_panic00B9_
FN:1640,_RNCNvNtNtCscGbmKBa7Tyy_12gigastt_core9inference5testss_23test_pool_waiters_count0B7_
FN:1385,_RNCNvNtNtCscGbmKBa7Tyy_12gigastt_core9inference5testss_28test_decoder_state_new_zeros0B7_
FN:1386,_RNCNvNtNtCscGbmKBa7Tyy_12gigastt_core9inference5testss_28test_decoder_state_new_zeross_0B7_
FN:1631,_RNCNvNtNtCscGbmKBa7Tyy_12gigastt_core9inference5testss_29test_pool_close_is_idempotent0B7_
FN:1534,_RNCNvNtNtCscGbmKBa7Tyy_12gigastt_core9inference5testss_31test_pool_fifo_under_contention0B7_
FN:1570,_RNCNvNtNtCscGbmKBa7Tyy_12gigastt_core9inference5testss_34test_into_owned_for_spawn_blocking0B7_
FN:1821,_RNCNvNtNtCscGbmKBa7Tyy_12gigastt_core9inference5testss_36test_feature_extractor_compute_empty0B7_
FN:1438,_RNCNvNtNtCscGbmKBa7Tyy_12gigastt_core9inference5testss_37test_pool_checkout_blocking_slow_path0B7_
FN:1614,_RNCNvNtNtCscGbmKBa7Tyy_12gigastt_core9inference5testss_40test_owned_reservation_drop_returns_item0B7_
FN:1514,_RNCNvNtNtCscGbmKBa7Tyy_12gigastt_core9inference5testss_41test_pool_close_wakes_waiters_with_closed0B7_
FN:1735,_RNCNvNtNtCscGbmKBa7Tyy_12gigastt_core9inference5testss_43test_pool_multiple_dead_waiters_are_skipped0B7_
FN:1712,_RNCNvNtNtCscGbmKBa7Tyy_12gigastt_core9inference5testss_45test_pool_slot_not_leaked_on_timeout_checkout0B7_
FN:1482,_RNCNvNtNtCscGbmKBa7Tyy_12gigastt_core9inference5testss_46test_pool_guard_returns_triplet_on_normal_drop0B7_
FN:1494,_RNCNvNtNtCscGbmKBa7Tyy_12gigastt_core9inference5testss_47test_pool_guard_returns_triplet_on_panic_unwind0B7_
FN:1682,_RNCNvNtNtCscGbmKBa7Tyy_12gigastt_core9inference5testss_47test_pool_slot_not_leaked_on_cancelled_checkout0B7_
FN:1658,_RNCNvNtNtCscGbmKBa7Tyy_12gigastt_core9inference5testss_48test_owned_reservation_round_trip_through_option0B7_
FN:1592,_RNCNvNtNtCscGbmKBa7Tyy_12gigastt_core9inference5testss_54test_owned_reservation_returns_on_spawn_blocking_panic0B7_
FN:73,_RINvNtCscGbmKBa7Tyy_12gigastt_core9inference7ort_errINtNtCseRMXi1nj7qc_3ort5error5ErrorNtNtNtBT_7session7builder14SessionBuilderEEB4_
FN:73,_RINvNtCscGbmKBa7Tyy_12gigastt_core9inference7ort_errNtNtCseRMXi1nj7qc_3ort5error5ErrorEB4_
FN:73,_RINvNtCscGbmKBa7Tyy_12gigastt_core9inference7ort_errReEB4_
FN:848,_RNCNCNCNCNvMsg_NtCscGbmKBa7Tyy_12gigastt_core9inferenceNtBd_6Engine10load_inner0000Bf_
FN:860,_RNCNCNCNCNvMsg_NtCscGbmKBa7Tyy_12gigastt_core9inferenceNtBd_6Engine10load_inner000s_0Bf_
FN:847,_RNCNCNCNvMsg_NtCscGbmKBa7Tyy_12gigastt_core9inferenceNtBb_6Engine10load_inner000Bd_
FN:845,_RNCNCNvMsg_NtCscGbmKBa7Tyy_12gigastt_core9inferenceNtB9_6Engine10load_inner00Bb_
FN:866,_RNCNCNvMsg_NtCscGbmKBa7Tyy_12gigastt_core9inferenceNtB9_6Engine10load_inner0s_0Bb_
FN:174,_RNCNvMs1_NtCscGbmKBa7Tyy_12gigastt_core9inferenceINtB7_4PoolNtNtCs1OjIl8oxbrv_5alloc6string6StringE8checkout0B9_
FN:174,_RNCNvMs1_NtCscGbmKBa7Tyy_12gigastt_core9inferenceINtB7_4PoolmE8checkout0B9_
FN:343,_RNCNvMs3_NtCscGbmKBa7Tyy_12gigastt_core9inferenceINtB7_9PoolGuardNtNtCs1OjIl8oxbrv_5alloc6string6StringE10into_owned0B9_
FN:343,_RNCNvMs3_NtCscGbmKBa7Tyy_12gigastt_core9inferenceINtB7_9PoolGuardmE10into_owned0B9_
FN:843,_RNCNvMsg_NtCscGbmKBa7Tyy_12gigastt_core9inferenceNtB7_6Engine10load_inner0B9_
FN:780,_RNCNvMsg_NtCscGbmKBa7Tyy_12gigastt_core9inferenceNtB7_6Engine13load_sessions0B9_
FN:680,_RNCNvMsg_NtCscGbmKBa7Tyy_12gigastt_core9inferenceNtB7_6Engine19load_with_pool_size0B9_
FN:358,_RNCNvXs4_NtCscGbmKBa7Tyy_12gigastt_core9inferenceINtB7_9PoolGuardmENtNtNtCsl8K0bEFm1U0_4core3ops5deref5Deref5deref0B9_
FN:397,_RNCNvXs7_NtCscGbmKBa7Tyy_12gigastt_core9inferenceINtB7_16OwnedReservationNtNtCs1OjIl8oxbrv_5alloc6string6StringENtNtNtCsl8K0bEFm1U0_4core3ops5deref5Deref5deref0B9_
FN:397,_RNCNvXs7_NtCscGbmKBa7Tyy_12gigastt_core9inferenceINtB7_16OwnedReservationmENtNtNtCsl8K0bEFm1U0_4core3ops5deref5Deref5deref0B9_
FN:405,_RNCNvXs8_NtCscGbmKBa7Tyy_12gigastt_core9inferenceINtB7_16OwnedReservationmENtNtNtCsl8K0bEFm1U0_4core3ops5deref8DerefMut9deref_mut0B9_
FN:158,_RNvMs1_NtCscGbmKBa7Tyy_12gigastt_core9inferenceINtB5_4PoolNtB5_14SessionTripletE3newB7_
FN:158,_RNvMs1_NtCscGbmKBa7Tyy_12gigastt_core9inferenceINtB5_4PoolNtNtCs1OjIl8oxbrv_5alloc6string6StringE3newB7_
FN:174,_RNvMs1_NtCscGbmKBa7Tyy_12gigastt_core9inferenceINtB5_4PoolNtNtCs1OjIl8oxbrv_5alloc6string6StringE8checkoutB7_
FN:266,_RNvMs1_NtCscGbmKBa7Tyy_12gigastt_core9inferenceINtB5_4PoolNtNtCs1OjIl8oxbrv_5alloc6string6StringE9availableB7_
FN:213,_RNvMs1_NtCscGbmKBa7Tyy_12gigastt_core9inferenceINtB5_4PoolmE17checkout_blockingB7_
FN:158,_RNvMs1_NtCscGbmKBa7Tyy_12gigastt_core9inferenceINtB5_4PoolmE3newB7_
FN:251,_RNvMs1_NtCscGbmKBa7Tyy_12gigastt_core9inferenceINtB5_4PoolmE5closeB7_
FN:272,_RNvMs1_NtCscGbmKBa7Tyy_12gigastt_core9inferenceINtB5_4PoolmE7waitersB7_
FN:174,_RNvMs1_NtCscGbmKBa7Tyy_12gigastt_core9inferenceINtB5_4PoolmE8checkoutB7_
FN:266,_RNvMs1_NtCscGbmKBa7Tyy_12gigastt_core9inferenceINtB5_4PoolmE9availableB7_
FN:279,_RNvMs2_NtCscGbmKBa7Tyy_12gigastt_core9inferenceINtB5_9PoolInnerNtNtCs1OjIl8oxbrv_5alloc6string6StringE7checkinB7_
FN:279,_RNvMs2_NtCscGbmKBa7Tyy_12gigastt_core9inferenceINtB5_9PoolInnermE7checkinB7_
FN:339,_RNvMs3_NtCscGbmKBa7Tyy_12gigastt_core9inferenceINtB5_9PoolGuardNtNtCs1OjIl8oxbrv_5alloc6string6StringE10into_ownedB7_
FN:327,_RNvMs3_NtCscGbmKBa7Tyy_12gigastt_core9inferenceINtB5_9PoolGuardNtNtCs1OjIl8oxbrv_5alloc6string6StringE3newB7_
FN:339,_RNvMs3_NtCscGbmKBa7Tyy_12gigastt_core9inferenceINtB5_9PoolGuardmE10into_ownedB7_
FN:327,_RNvMs3_NtCscGbmKBa7Tyy_12gigastt_core9inferenceINtB5_9PoolGuardmE3newB7_
FN:412,_RNvMs9_NtCscGbmKBa7Tyy_12gigastt_core9inferenceINtB5_16OwnedReservationNtNtCs1OjIl8oxbrv_5alloc6string6StringE7checkinB7_
FN:355,_RNvXs4_NtCscGbmKBa7Tyy_12gigastt_core9inferenceINtB5_9PoolGuardmENtNtNtCsl8K0bEFm1U0_4core3ops5deref5Deref5derefB7_
FN:394,_RNvXs7_NtCscGbmKBa7Tyy_12gigastt_core9inferenceINtB5_16OwnedReservationNtNtCs1OjIl8oxbrv_5alloc6string6StringENtNtNtCsl8K0bEFm1U0_4core3ops5deref5Deref5derefB7_
FN:394,_RNvXs7_NtCscGbmKBa7Tyy_12gigastt_core9inferenceINtB5_16OwnedReservationmENtNtNtCsl8K0bEFm1U0_4core3ops5deref5Deref5derefB7_
FN:402,_RNvXs8_NtCscGbmKBa7Tyy_12gigastt_core9inferenceINtB5_16OwnedReservationmENtNtNtCsl8K0bEFm1U0_4core3ops5deref8DerefMut9deref_mutB7_
FN:445,_RNvMsb_NtCscGbmKBa7Tyy_12gigastt_core9inferenceNtB5_12DecoderState3new
FN:523,_RNvMsd_NtCscGbmKBa7Tyy_12gigastt_core9inferenceNtB5_16FeatureExtractor3new
FN:547,_RNvMsd_NtCscGbmKBa7Tyy_12gigastt_core9inferenceNtB5_16FeatureExtractor7compute
FN:570,_RNvMsf_NtCscGbmKBa7Tyy_12gigastt_core9inferenceNtB5_19TranscriptAssembler3new
FN:578,_RNvMsf_NtCscGbmKBa7Tyy_12gigastt_core9inferenceNtB5_19TranscriptAssembler6append
FN:599,_RNvMsf_NtCscGbmKBa7Tyy_12gigastt_core9inferenceNtB5_19TranscriptAssembler7partial
FN:589,_RNvMsf_NtCscGbmKBa7Tyy_12gigastt_core9inferenceNtB5_19TranscriptAssembler8finalize
FN:609,_RNvMsf_NtCscGbmKBa7Tyy_12gigastt_core9inferenceNtB5_19TranscriptAssembler8is_empty
FN:825,_RNvMsg_NtCscGbmKBa7Tyy_12gigastt_core9inferenceNtB5_6Engine10load_inner
FN:686,_RNvMsg_NtCscGbmKBa7Tyy_12gigastt_core9inferenceNtB5_6Engine13load_sessions
FN:671,_RNvMsg_NtCscGbmKBa7Tyy_12gigastt_core9inferenceNtB5_6Engine19load_with_pool_size
FN:77,_RNvNtCscGbmKBa7Tyy_12gigastt_core9inference13now_timestamp
FN:118,_RNvXs_NtCscGbmKBa7Tyy_12gigastt_core9inferenceNtB4_9PoolErrorNtNtCsl8K0bEFm1U0_4core3fmt7Display3fmt
FN:516,_RNvXsc_NtCscGbmKBa7Tyy_12gigastt_core9inferenceNtB5_16FeatureExtractorNtNtCsl8K0bEFm1U0_4core7default7Default7default
FN:563,_RNvXse_NtCscGbmKBa7Tyy_12gigastt_core9inferenceNtB5_19TranscriptAssemblerNtNtCsl8K0bEFm1U0_4core7default7Default7default
FN:371,_RNvXs6_NtCs56NpsMUp9BL_12gigastt_core9inferenceINtB5_9PoolGuardNtB5_14SessionTripletENtNtNtCsl8K0bEFm1U0_4core3ops4drop4Drop4dropCs6e09oN0mRLy_11gigastt_ffi
FN:420,_RNvXsa_NtCs56NpsMUp9BL_12gigastt_core9inferenceINtB5_16OwnedReservationNtB5_14SessionTripletENtNtNtCsl8K0bEFm1U0_4core3ops4drop4Drop4dropCs6e09oN0mRLy_11gigastt_ffi
FN:343,_RNCNvMs3_NtCs56NpsMUp9BL_12gigastt_core9inferenceINtB7_9PoolGuardNtB7_14SessionTripletE10into_owned0Cs6e09oN0mRLy_11gigastt_ffi
FN:366,_RNCNvXs5_NtCs56NpsMUp9BL_12gigastt_core9inferenceINtB7_9PoolGuardNtB7_14SessionTripletENtNtNtCsl8K0bEFm1U0_4core3ops5deref8DerefMut9deref_mut0Cs6e09oN0mRLy_11gigastt_ffi
FN:405,_RNCNvXs8_NtCs56NpsMUp9BL_12gigastt_core9inferenceINtB7_16OwnedReservationNtB7_14SessionTripletENtNtNtCsl8K0bEFm1U0_4core3ops5deref8DerefMut9deref_mut0Cs6e09oN0mRLy_11gigastt_ffi
FN:213,_RNvMs1_NtCs56NpsMUp9BL_12gigastt_core9inferenceINtB5_4PoolNtB5_14SessionTripletE17checkout_blockingCs6e09oN0mRLy_11gigastt_ffi
FN:279,_RNvMs2_NtCs56NpsMUp9BL_12gigastt_core9inferenceINtB5_9PoolInnerNtB5_14SessionTripletE7checkinCs6e09oN0mRLy_11gigastt_ffi
FN:339,_RNvMs3_NtCs56NpsMUp9BL_12gigastt_core9inferenceINtB5_9PoolGuardNtB5_14SessionTripletE10into_ownedCs6e09oN0mRLy_11gigastt_ffi
FN:327,_RNvMs3_NtCs56NpsMUp9BL_12gigastt_core9inferenceINtB5_9PoolGuardNtB5_14SessionTripletE3newCs6e09oN0mRLy_11gigastt_ffi
FN:412,_RNvMs9_NtCs56NpsMUp9BL_12gigastt_core9inferenceINtB5_16OwnedReservationNtB5_14SessionTripletE7checkinCs6e09oN0mRLy_11gigastt_ffi
FN:363,_RNvXs5_NtCs56NpsMUp9BL_12gigastt_core9inferenceINtB5_9PoolGuardNtB5_14SessionTripletENtNtNtCsl8K0bEFm1U0_4core3ops5deref8DerefMut9deref_mutCs6e09oN0mRLy_11gigastt_ffi
FN:402,_RNvXs8_NtCs56NpsMUp9BL_12gigastt_core9inferenceINtB5_16OwnedReservationNtB5_14SessionTripletENtNtNtCsl8K0bEFm1U0_4core3ops5deref8DerefMut9deref_mutCs6e09oN0mRLy_11gigastt_ffi
FNDA:0,_RNCNvMs1_NtCs56NpsMUp9BL_12gigastt_core9inferenceINtB7_4PoolNtB7_14SessionTripletE8checkout0Csbd9nAVVXtRC_7gigastt
FNDA:0,_RNCNvMs3_NtCs56NpsMUp9BL_12gigastt_core9inferenceINtB7_9PoolGuardNtB7_14SessionTripletE10into_owned0Csbd9nAVVXtRC_7gigastt
FNDA:0,_RNCNvXs8_NtCs56NpsMUp9BL_12gigastt_core9inferenceINtB7_16OwnedReservationNtB7_14SessionTripletENtNtNtCsl8K0bEFm1U0_4core3ops5deref8DerefMut9deref_mut0Csbd9nAVVXtRC_7gigastt
FNDA:0,_RNvMs1_NtCs56NpsMUp9BL_12gigastt_core9inferenceINtB5_4PoolNtB5_14SessionTripletE5closeCsbd9nAVVXtRC_7gigastt
FNDA:0,_RNvMs1_NtCs56NpsMUp9BL_12gigastt_core9inferenceINtB5_4PoolNtB5_14SessionTripletE5totalCsbd9nAVVXtRC_7gigastt
FNDA:0,_RNvMs1_NtCs56NpsMUp9BL_12gigastt_core9inferenceINtB5_4PoolNtB5_14SessionTripletE7waitersCsbd9nAVVXtRC_7gigastt
FNDA:0,_RNvMs1_NtCs56NpsMUp9BL_12gigastt_core9inferenceINtB5_4PoolNtB5_14SessionTripletE8checkoutCsbd9nAVVXtRC_7gigastt
FNDA:0,_RNvMs1_NtCs56NpsMUp9BL_12gigastt_core9inferenceINtB5_4PoolNtB5_14SessionTripletE9availableCsbd9nAVVXtRC_7gigastt
FNDA:0,_RNvMs2_NtCs56NpsMUp9BL_12gigastt_core9inferenceINtB5_9PoolInnerNtB5_14SessionTripletE7checkinCsbd9nAVVXtRC_7gigastt
FNDA:0,_RNvMs3_NtCs56NpsMUp9BL_12gigastt_core9inferenceINtB5_9PoolGuardNtB5_14SessionTripletE10into_ownedCsbd9nAVVXtRC_7gigastt
FNDA:0,_RNvMs3_NtCs56NpsMUp9BL_12gigastt_core9inferenceINtB5_9PoolGuardNtB5_14SessionTripletE3newCsbd9nAVVXtRC_7gigastt
FNDA:0,_RNvXs8_NtCs56NpsMUp9BL_12gigastt_core9inferenceINtB5_16OwnedReservationNtB5_14SessionTripletENtNtNtCsl8K0bEFm1U0_4core3ops5deref8DerefMut9deref_mutCsbd9nAVVXtRC_7gigastt
FNDA:0,_RNvXs6_NtCs56NpsMUp9BL_12gigastt_core9inferenceINtB5_9PoolGuardNtB5_14SessionTripletENtNtNtCsl8K0bEFm1U0_4core3ops4drop4Drop4dropCsbd9nAVVXtRC_7gigastt
FNDA:0,_RNvXsa_NtCs56NpsMUp9BL_12gigastt_core9inferenceINtB5_16OwnedReservationNtB5_14SessionTripletENtNtNtCsl8K0bEFm1U0_4core3ops4drop4Drop4dropCsbd9nAVVXtRC_7gigastt
FNDA:0,_RNCNvMs1_NtCs56NpsMUp9BL_12gigastt_core9inferenceINtB7_4PoolpE8checkout0B9_
FNDA:0,_RNCNvMs3_NtCs56NpsMUp9BL_12gigastt_core9inferenceINtB7_9PoolGuardpE10into_owned0B9_
FNDA:0,_RNCNvXININtCs56NpsMUp9BL_12gigastt_core9inferences4_0pEINtB7_9PoolGuardpENtNtNtCsl8K0bEFm1U0_4core3ops5deref5Deref5deref0B9_
FNDA:0,_RNCNvXININtCs56NpsMUp9BL_12gigastt_core9inferences5_0pEINtB7_9PoolGuardpENtNtNtCsl8K0bEFm1U0_4core3ops5deref8DerefMut9deref_mut0B9_
FNDA:0,_RNCNvXININtCs56NpsMUp9BL_12gigastt_core9inferences7_0pEINtB7_16OwnedReservationpENtNtNtCsl8K0bEFm1U0_4core3ops5deref5Deref5deref0B9_
FNDA:0,_RNCNvXININtCs56NpsMUp9BL_12gigastt_core9inferences8_0pEINtB7_16OwnedReservationpENtNtNtCsl8K0bEFm1U0_4core3ops5deref8DerefMut9deref_mut0B9_
FNDA:0,_RNvMs1_NtCs56NpsMUp9BL_12gigastt_core9inferenceINtB5_4PoolpE17checkout_blockingB7_
FNDA:0,_RNvMs1_NtCs56NpsMUp9BL_12gigastt_core9inferenceINtB5_4PoolpE5closeB7_
FNDA:0,_RNvMs1_NtCs56NpsMUp9BL_12gigastt_core9inferenceINtB5_4PoolpE5totalB7_
FNDA:0,_RNvMs1_NtCs56NpsMUp9BL_12gigastt_core9inferenceINtB5_4PoolpE7waitersB7_
FNDA:0,_RNvMs1_NtCs56NpsMUp9BL_12gigastt_core9inferenceINtB5_4PoolpE8checkoutB7_
FNDA:0,_RNvMs1_NtCs56NpsMUp9BL_12gigastt_core9inferenceINtB5_4PoolpE9availableB7_
FNDA:0,_RNvMs2_NtCs56NpsMUp9BL_12gigastt_core9inferenceINtB5_9PoolInnerpE7checkinB7_
FNDA:0,_RNvMs3_NtCs56NpsMUp9BL_12gigastt_core9inferenceINtB5_9PoolGuardpE10into_ownedB7_
FNDA:0,_RNvMs3_NtCs56NpsMUp9BL_12gigastt_core9inferenceINtB5_9PoolGuardpE3newB7_
FNDA:0,_RNvMs9_NtCs56NpsMUp9BL_12gigastt_core9inferenceINtB5_16OwnedReservationpE7checkinB7_
FNDA:0,_RNvXININtCs56NpsMUp9BL_12gigastt_core9inferences4_0pEINtB5_9PoolGuardpENtNtNtCsl8K0bEFm1U0_4core3ops5deref5Deref5derefB7_
FNDA:0,_RNvXININtCs56NpsMUp9BL_12gigastt_core9inferences5_0pEINtB5_9PoolGuardpENtNtNtCsl8K0bEFm1U0_4core3ops5deref8DerefMut9deref_mutB7_
FNDA:0,_RNvXININtCs56NpsMUp9BL_12gigastt_core9inferences6_0pEINtB5_9PoolGuardpENtNtNtCsl8K0bEFm1U0_4core3ops4drop4Drop4dropB7_
FNDA:0,_RNvXININtCs56NpsMUp9BL_12gigastt_core9inferences7_0pEINtB5_16OwnedReservationpENtNtNtCsl8K0bEFm1U0_4core3ops5deref5Deref5derefB7_
FNDA:0,_RNvXININtCs56NpsMUp9BL_12gigastt_core9inferences8_0pEINtB5_16OwnedReservationpENtNtNtCsl8K0bEFm1U0_4core3ops5deref8DerefMut9deref_mutB7_
FNDA:0,_RNvXININtCs56NpsMUp9BL_12gigastt_core9inferencesa_0pEINtB5_16OwnedReservationpENtNtNtCsl8K0bEFm1U0_4core3ops4drop4Drop4dropB7_
FNDA:0,_RINvNtCs56NpsMUp9BL_12gigastt_core9inference7ort_errINtNtCseRMXi1nj7qc_3ort5error5ErrorNtNtNtBT_7session7builder14SessionBuilderEEB4_
FNDA:0,_RINvNtCs56NpsMUp9BL_12gigastt_core9inference7ort_errNtNtCseRMXi1nj7qc_3ort5error5ErrorEB4_
FNDA:0,_RNCNCNCNCNvMsg_NtCs56NpsMUp9BL_12gigastt_core9inferenceNtBd_6Engine10load_inner0000Bf_
FNDA:0,_RNCNCNCNCNvMsg_NtCs56NpsMUp9BL_12gigastt_core9inferenceNtBd_6Engine10load_inner000s_0Bf_
FNDA:0,_RNCNCNCNvMsg_NtCs56NpsMUp9BL_12gigastt_core9inferenceNtBb_6Engine10load_inner000Bd_
FNDA:0,_RNCNCNvMsg_NtCs56NpsMUp9BL_12gigastt_core9inferenceNtB9_6Engine10load_inner00Bb_
FNDA:0,_RNCNCNvMsg_NtCs56NpsMUp9BL_12gigastt_core9inferenceNtB9_6Engine10load_inner0s_0Bb_
FNDA:0,_RNCNvMsg_NtCs56NpsMUp9BL_12gigastt_core9inferenceNtB7_6Engine10load_inner0B9_
FNDA:0,_RNCNvMsg_NtCs56NpsMUp9BL_12gigastt_core9inferenceNtB7_6Engine13load_sessions0B9_
FNDA:0,_RNCNvMsg_NtCs56NpsMUp9BL_12gigastt_core9inferenceNtB7_6Engine13process_chunk0B9_
FNDA:0,_RNCNvMsg_NtCs56NpsMUp9BL_12gigastt_core9inferenceNtB7_6Engine15transcribe_file0B9_
FNDA:0,_RNCNvMsg_NtCs56NpsMUp9BL_12gigastt_core9inferenceNtB7_6Engine18transcribe_samples0B9_
FNDA:0,_RNCNvMsg_NtCs56NpsMUp9BL_12gigastt_core9inferenceNtB7_6Engine18transcribe_sampless0_0B9_
FNDA:0,_RNCNvMsg_NtCs56NpsMUp9BL_12gigastt_core9inferenceNtB7_6Engine18transcribe_sampless_0B9_
FNDA:0,_RNCNvMsg_NtCs56NpsMUp9BL_12gigastt_core9inferenceNtB7_6Engine19load_with_pool_size0B9_
FNDA:0,_RNCNvMsg_NtCs56NpsMUp9BL_12gigastt_core9inferenceNtB7_6Engine23transcribe_bytes_shared0B9_
FNDA:0,_RNvMs1_NtCs56NpsMUp9BL_12gigastt_core9inferenceINtB5_4PoolNtB5_14SessionTripletE3newB7_
FNDA:0,_RNvMsb_NtCs56NpsMUp9BL_12gigastt_core9inferenceNtB5_12DecoderState3new
FNDA:0,_RNvMsd_NtCs56NpsMUp9BL_12gigastt_core9inferenceNtB5_16FeatureExtractor11compute_mel
FNDA:0,_RNvMsd_NtCs56NpsMUp9BL_12gigastt_core9inferenceNtB5_16FeatureExtractor14prepare_buffer
FNDA:0,_RNvMsd_NtCs56NpsMUp9BL_12gigastt_core9inferenceNtB5_16FeatureExtractor3new
FNDA:0,_RNvMsd_NtCs56NpsMUp9BL_12gigastt_core9inferenceNtB5_16FeatureExtractor7compute
FNDA:0,_RNvMsf_NtCs56NpsMUp9BL_12gigastt_core9inferenceNtB5_19TranscriptAssembler3new
FNDA:0,_RNvMsf_NtCs56NpsMUp9BL_12gigastt_core9inferenceNtB5_19TranscriptAssembler6append
FNDA:0,_RNvMsf_NtCs56NpsMUp9BL_12gigastt_core9inferenceNtB5_19TranscriptAssembler7partial
FNDA:0,_RNvMsf_NtCs56NpsMUp9BL_12gigastt_core9inferenceNtB5_19TranscriptAssembler8finalize
FNDA:0,_RNvMsf_NtCs56NpsMUp9BL_12gigastt_core9inferenceNtB5_19TranscriptAssembler8is_empty
FNDA:0,_RNvMsg_NtCs56NpsMUp9BL_12gigastt_core9inferenceNtB5_6Engine10load_inner
FNDA:0,_RNvMsg_NtCs56NpsMUp9BL_12gigastt_core9inferenceNtB5_6Engine10vocab_size
FNDA:0,_RNvMsg_NtCs56NpsMUp9BL_12gigastt_core9inferenceNtB5_6Engine11flush_state
FNDA:0,_RNvMsg_NtCs56NpsMUp9BL_12gigastt_core9inferenceNtB5_6Engine12create_state
FNDA:0,_RNvMsg_NtCs56NpsMUp9BL_12gigastt_core9inferenceNtB5_6Engine13load_sessions
FNDA:0,_RNvMsg_NtCs56NpsMUp9BL_12gigastt_core9inferenceNtB5_6Engine13process_chunk
FNDA:0,_RNvMsg_NtCs56NpsMUp9BL_12gigastt_core9inferenceNtB5_6Engine13run_inference
FNDA:0,_RNvMsg_NtCs56NpsMUp9BL_12gigastt_core9inferenceNtB5_6Engine15tokens_to_words
FNDA:0,_RNvMsg_NtCs56NpsMUp9BL_12gigastt_core9inferenceNtB5_6Engine15transcribe_file
FNDA:0,_RNvMsg_NtCs56NpsMUp9BL_12gigastt_core9inferenceNtB5_6Engine16transcribe_bytes
FNDA:0,_RNvMsg_NtCs56NpsMUp9BL_12gigastt_core9inferenceNtB5_6Engine18transcribe_samples
FNDA:0,_RNvMsg_NtCs56NpsMUp9BL_12gigastt_core9inferenceNtB5_6Engine19has_speaker_encoder
FNDA:0,_RNvMsg_NtCs56NpsMUp9BL_12gigastt_core9inferenceNtB5_6Engine19load_with_pool_size
FNDA:0,_RNvMsg_NtCs56NpsMUp9BL_12gigastt_core9inferenceNtB5_6Engine23transcribe_bytes_shared
FNDA:0,_RNvMsg_NtCs56NpsMUp9BL_12gigastt_core9inferenceNtB5_6Engine4load
FNDA:0,_RNvMsg_NtCs56NpsMUp9BL_12gigastt_core9inferenceNtB5_6Engine7is_int8
FNDA:0,_RNvMsh_NtCs56NpsMUp9BL_12gigastt_core9inferenceNtB5_17TranscriptSegment11empty_final
FNDA:0,_RNvNtCs56NpsMUp9BL_12gigastt_core9inference13now_timestamp
FNDA:0,_RNvXNtCs56NpsMUp9BL_12gigastt_core9inferenceNtB2_15SharedExtractorNtNtCsf2bSCHOBZc7_9polyvoice9embedding18EmbeddingExtractor13embedding_dim
FNDA:0,_RNvXNtCs56NpsMUp9BL_12gigastt_core9inferenceNtB2_15SharedExtractorNtNtCsf2bSCHOBZc7_9polyvoice9embedding18EmbeddingExtractor7extract
FNDA:0,_RNvXs_NtCs56NpsMUp9BL_12gigastt_core9inferenceNtB4_9PoolErrorNtNtCsl8K0bEFm1U0_4core3fmt7Display3fmt
FNDA:0,_RNvXsc_NtCs56NpsMUp9BL_12gigastt_core9inferenceNtB5_16FeatureExtractorNtNtCsl8K0bEFm1U0_4core7default7Default7default
FNDA:0,_RNvXse_NtCs56NpsMUp9BL_12gigastt_core9inferenceNtB5_19TranscriptAssemblerNtNtCsl8K0bEFm1U0_4core7default7Default7default
FNDA:0,_RNCNvMs1_NtCs56NpsMUp9BL_12gigastt_core9inferenceINtB7_4PoolNtB7_14SessionTripletE8checkout0Csk023ZLJrxN2_7gigastt
FNDA:0,_RNCNvMs3_NtCs56NpsMUp9BL_12gigastt_core9inferenceINtB7_9PoolGuardNtB7_14SessionTripletE10into_owned0Csk023ZLJrxN2_7gigastt
FNDA:0,_RNCNvXs8_NtCs56NpsMUp9BL_12gigastt_core9inferenceINtB7_16OwnedReservationNtB7_14SessionTripletENtNtNtCsl8K0bEFm1U0_4core3ops5deref8DerefMut9deref_mut0Csk023ZLJrxN2_7gigastt
FNDA:0,_RNvMs1_NtCs56NpsMUp9BL_12gigastt_core9inferenceINtB5_4PoolNtB5_14SessionTripletE17checkout_blockingCsk023ZLJrxN2_7gigastt
FNDA:0,_RNvMs1_NtCs56NpsMUp9BL_12gigastt_core9inferenceINtB5_4PoolNtB5_14SessionTripletE5closeCsk023ZLJrxN2_7gigastt
FNDA:0,_RNvMs1_NtCs56NpsMUp9BL_12gigastt_core9inferenceINtB5_4PoolNtB5_14SessionTripletE5totalCsk023ZLJrxN2_7gigastt
FNDA:0,_RNvMs1_NtCs56NpsMUp9BL_12gigastt_core9inferenceINtB5_4PoolNtB5_14SessionTripletE7waitersCsk023ZLJrxN2_7gigastt
FNDA:0,_RNvMs1_NtCs56NpsMUp9BL_12gigastt_core9inferenceINtB5_4PoolNtB5_14SessionTripletE8checkoutCsk023ZLJrxN2_7gigastt
FNDA:0,_RNvMs1_NtCs56NpsMUp9BL_12gigastt_core9inferenceINtB5_4PoolNtB5_14SessionTripletE9availableCsk023ZLJrxN2_7gigastt
FNDA:0,_RNvMs2_NtCs56NpsMUp9BL_12gigastt_core9inferenceINtB5_9PoolInnerNtB5_14SessionTripletE7checkinCsk023ZLJrxN2_7gigastt
FNDA:0,_RNvMs3_NtCs56NpsMUp9BL_12gigastt_core9inferenceINtB5_9PoolGuardNtB5_14SessionTripletE10into_ownedCsk023ZLJrxN2_7gigastt
FNDA:0,_RNvMs3_NtCs56NpsMUp9BL_12gigastt_core9inferenceINtB5_9PoolGuardNtB5_14SessionTripletE3newCsk023ZLJrxN2_7gigastt
FNDA:0,_RNvXs8_NtCs56NpsMUp9BL_12gigastt_core9inferenceINtB5_16OwnedReservationNtB5_14SessionTripletENtNtNtCsl8K0bEFm1U0_4core3ops5deref8DerefMut9deref_mutCsk023ZLJrxN2_7gigastt
FNDA:0,_RNvXs6_NtCs56NpsMUp9BL_12gigastt_core9inferenceINtB5_9PoolGuardNtB5_14SessionTripletENtNtNtCsl8K0bEFm1U0_4core3ops4drop4Drop4dropCsk023ZLJrxN2_7gigastt
FNDA:0,_RNvXsa_NtCs56NpsMUp9BL_12gigastt_core9inferenceINtB5_16OwnedReservationNtB5_14SessionTripletENtNtNtCsl8K0bEFm1U0_4core3ops4drop4Drop4dropCsk023ZLJrxN2_7gigastt
FNDA:0,_RNCNvMsg_NtCscGbmKBa7Tyy_12gigastt_core9inferenceNtB7_6Engine13process_chunk0B9_
FNDA:0,_RNCNvMsg_NtCscGbmKBa7Tyy_12gigastt_core9inferenceNtB7_6Engine15transcribe_file0B9_
FNDA:0,_RNCNvMsg_NtCscGbmKBa7Tyy_12gigastt_core9inferenceNtB7_6Engine18transcribe_samples0B9_
FNDA:0,_RNCNvMsg_NtCscGbmKBa7Tyy_12gigastt_core9inferenceNtB7_6Engine18transcribe_sampless0_0B9_
FNDA:0,_RNCNvMsg_NtCscGbmKBa7Tyy_12gigastt_core9inferenceNtB7_6Engine18transcribe_sampless_0B9_
FNDA:0,_RNCNvMsg_NtCscGbmKBa7Tyy_12gigastt_core9inferenceNtB7_6Engine23transcribe_bytes_shared0B9_
FNDA:0,_RNCNvXININtCscGbmKBa7Tyy_12gigastt_core9inferences5_0pEINtB7_9PoolGuardpENtNtNtCsl8K0bEFm1U0_4core3ops5deref8DerefMut9deref_mut0B9_
FNDA:0,_RNvMs1_NtCscGbmKBa7Tyy_12gigastt_core9inferenceINtB5_4PoolpE5totalB7_
[...]
FNDA:0,_RNvMs_NtNtCsbd9nAVVXtRC_7gigastt6server10rate_limitNtB4_5Burst3new
FNDA:0,_RNvMs_NtNtCsbd9nAVVXtRC_7gigastt6server10rate_limitNtB4_5Burst8from_raw
FNDA:0,_RNvNtNtCsbd9nAVVXtRC_7gigastt6server10rate_limit10is_rfc1918
FNDA:0,_RNvNtNtCsbd9nAVVXtRC_7gigastt6server10rate_limit17extract_client_ip
FNDA:0,_RNvNtNtCsbd9nAVVXtRC_7gigastt6server10rate_limit21rate_limit_middleware
FNDA:0,_RNvNtNtCsbd9nAVVXtRC_7gigastt6server10rate_limit7unix_ms
FNDA:1,_RNvNtNtNtCsk023ZLJrxN2_7gigastt6server10rate_limit5testss_25test_rpm_new_rejects_zero
FNDA:1,_RNvNtNtNtCsk023ZLJrxN2_7gigastt6server10rate_limit5testss_26test_rpm_new_accepts_valid
FNDA:1,_RNvNtNtNtCsk023ZLJrxN2_7gigastt6server10rate_limit5testss_27test_burst_new_rejects_zero
FNDA:1,_RNvNtNtNtCsk023ZLJrxN2_7gigastt6server10rate_limit5testss_27test_eviction_removes_stale
FNDA:1,_RNvNtNtNtCsk023ZLJrxN2_7gigastt6server10rate_limit5testss_28test_burst_new_accepts_valid
FNDA:1,_RNvNtNtNtCsk023ZLJrxN2_7gigastt6server10rate_limit5testss_29test_rpm_new_rejects_too_high
FNDA:1,_RNvNtNtNtCsk023ZLJrxN2_7gigastt6server10rate_limit5testss_34test_rate_limiter_per_ip_isolation
FNDA:1,_RNvNtNtNtCsk023ZLJrxN2_7gigastt6server10rate_limit5testss_35test_token_bucket_refills_over_time
FNDA:1,_RNvNtNtNtCsk023ZLJrxN2_7gigastt6server10rate_limit5testss_40test_rate_limiter_random_eviction_at_cap
FNDA:1,_RNvNtNtNtCsk023ZLJrxN2_7gigastt6server10rate_limit5testss_40test_token_bucket_allows_within_capacity
FNDA:1,_RNvNtNtNtCsk023ZLJrxN2_7gigastt6server10rate_limit5testss_42test_extract_ip_falls_back_to_connect_info
FNDA:1,_RNvNtNtNtCsk023ZLJrxN2_7gigastt6server10rate_limit5testss_46test_rate_limiter_refill_formula_matches_v1_06
FNDA:1,_RNvNtNtNtCsk023ZLJrxN2_7gigastt6server10rate_limit5testss_50test_extract_ip_ignores_forwarded_when_not_trusted
FNDA:1,_RNvNtNtNtCsk023ZLJrxN2_7gigastt6server10rate_limit5testss_50test_extract_ip_prefers_forwarded_for_when_trusted
FNDA:1,_RNvNtNtNtCsk023ZLJrxN2_7gigastt6server10rate_limit5testss_55test_extract_ip_uses_real_ip_when_forwarded_for_garbage
FNDA:1,_RNvNtNtNtCsk023ZLJrxN2_7gigastt6server10rate_limit5testss_56test_extract_ip_skips_headers_when_direct_peer_is_public
FNDA:2,_RNCNvMs1_NtNtCsk023ZLJrxN2_7gigastt6server10rate_limitNtB7_11RateLimiter11evict_stale0Bb_
FNDA:200,_RNCNvMs1_NtNtCsk023ZLJrxN2_7gigastt6server10rate_limitNtB7_11RateLimiter12evict_random0Bb_
FNDA:5,_RNCNvNtNtCsk023ZLJrxN2_7gigastt6server10rate_limit17extract_client_ip0B7_
FNDA:0,_RNCNvNtNtCsk023ZLJrxN2_7gigastt6server10rate_limit21rate_limit_middleware0B7_
FNDA:100040,_RNCNvNtNtCsk023ZLJrxN2_7gigastt6server10rate_limit7unix_ms0B7_
FNDA:1,_RNvMNtNtCsk023ZLJrxN2_7gigastt6server10rate_limitNtB2_3Rpm3get
FNDA:3,_RNvMNtNtCsk023ZLJrxN2_7gigastt6server10rate_limitNtB2_3Rpm3new
FNDA:9,_RNvMNtNtCsk023ZLJrxN2_7gigastt6server10rate_limitNtB2_3Rpm8from_raw
FNDA:100036,_RNvMs0_NtNtCsk023ZLJrxN2_7gigastt6server10rate_limitNtB5_11TokenBucket11try_consume
FNDA:100014,_RNvMs0_NtNtCsk023ZLJrxN2_7gigastt6server10rate_limitNtB5_11TokenBucket3new
FNDA:1,_RNvMs1_NtNtCsk023ZLJrxN2_7gigastt6server10rate_limitNtB5_11RateLimiter11evict_stale
FNDA:0,_RNvMs1_NtNtCsk023ZLJrxN2_7gigastt6server10rate_limitNtB5_11RateLimiter11interval_ms
FNDA:2,_RNvMs1_NtNtCsk023ZLJrxN2_7gigastt6server10rate_limitNtB5_11RateLimiter12evict_random
FNDA:2,_RNvMs1_NtNtCsk023ZLJrxN2_7gigastt6server10rate_limitNtB5_11RateLimiter3len
FNDA:9,_RNvMs1_NtNtCsk023ZLJrxN2_7gigastt6server10rate_limitNtB5_11RateLimiter3new
FNDA:100020,_RNvMs1_NtNtCsk023ZLJrxN2_7gigastt6server10rate_limitNtB5_11RateLimiter5check
FNDA:1,_RNvMs_NtNtCsk023ZLJrxN2_7gigastt6server10rate_limitNtB4_5Burst3get
FNDA:2,_RNvMs_NtNtCsk023ZLJrxN2_7gigastt6server10rate_limitNtB4_5Burst3new
FNDA:9,_RNvMs_NtNtCsk023ZLJrxN2_7gigastt6server10rate_limitNtB4_5Burst8from_raw
FNDA:1,_RNvNtNtCsk023ZLJrxN2_7gigastt6server10rate_limit10is_rfc1918
FNDA:5,_RNvNtNtCsk023ZLJrxN2_7gigastt6server10rate_limit17extract_client_ip
FNDA:0,_RNvNtNtCsk023ZLJrxN2_7gigastt6server10rate_limit21rate_limit_middleware
FNDA:100040,_RNvNtNtCsk023ZLJrxN2_7gigastt6server10rate_limit7unix_ms
FNF:39
FNH:36
DA:37,3
DA:38,3
DA:39,1
DA:40,2
DA:41,2
DA:42,1
DA:43,1
DA:44,1
DA:45,3
DA:50,1
DA:51,1
DA:52,1
DA:59,9
DA:60,9
DA:61,9
DA:62,9
DA:73,2
DA:74,2
DA:75,1
DA:76,1
DA:77,1
DA:78,2
DA:83,1
DA:84,1
DA:85,1
DA:92,9
DA:93,9
DA:94,9
DA:95,9
DA:118,100014
DA:119,100014
DA:120,100014
DA:121,100014
DA:122,100014
DA:123,100014
DA:124,100014
DA:125,100014
DA:126,100014
DA:134,100036
DA:135,100036
DA:136,100036
DA:137,100036
DA:138,100036
DA:139,100036
DA:140,15
DA:141,15
DA:142,100021
DA:143,100036
DA:144,100036
DA:145,100026
DA:146,100026
DA:148,10
DA:150,100036
DA:182,9
DA:183,9
DA:184,0
DA:189,9
DA:190,9
DA:191,9
DA:192,9
DA:193,9
DA:194,9
DA:195,9
DA:196,9
DA:197,9
DA:198,9
DA:199,9
DA:209,0
DA:210,0
DA:211,0
DA:222,100020
DA:223,100020
DA:224,100020
DA:227,100020
DA:228,8
DA:229,100012
DA:232,100012
DA:233,2
DA:234,100010
DA:236,100012
DA:237,100012
DA:238,100012
DA:239,100012
DA:240,100020
DA:244,2
DA:245,2
DA:246,2
DA:247,2
DA:248,2
DA:249,200
DA:250,2
DA:251,2
DA:252,2
DA:253,2
DA:254,2
DA:255,2
DA:266,1
DA:267,1
DA:268,1
DA:269,2
DA:270,1
DA:279,2
DA:280,2
DA:281,2
DA:289,100040
DA:290,100040
DA:291,100040
DA:292,100040
DA:293,100040
DA:309,5
DA:310,5
DA:311,5
DA:312,5
DA:313,5
DA:315,5
DA:316,1
DA:317,4
DA:321,4
DA:322,4
DA:323,1
DA:325,1
DA:326,3
DA:328,3
DA:329,3
DA:330,2
DA:332,2
DA:333,2
DA:334,1
DA:335,1
DA:336,1
DA:337,2
DA:338,1
DA:339,1
DA:341,1
DA:342,1
DA:343,1
DA:344,5
DA:348,1
DA:349,1
DA:350,1
DA:351,1
DA:352,1
DA:354,0
DA:356,1
DA:367,0
DA:368,0
DA:369,0
DA:370,0
DA:371,0
DA:372,0
DA:373,0
DA:374,0
DA:375,0
DA:376,0
DA:378,0
DA:379,0
DA:381,0
DA:382,0
DA:383,0
DA:384,0
DA:385,0
DA:386,0
DA:387,0
DA:388,0
DA:389,0
DA:390,0
DA:391,0
DA:392,0
DA:393,0
DA:394,0
DA:395,0
DA:396,0
DA:397,0
DA:398,0
DA:399,0
DA:401,0
DA:411,1
DA:414,1
DA:415,1
DA:416,5
DA:417,5
DA:420,1
DA:421,1
DA:424,1
DA:427,1
DA:430,1
DA:431,1
DA:432,1
DA:433,1
DA:434,1
DA:435,1
DA:438,1
DA:439,1
DA:440,1
DA:443,1
DA:446,1
DA:449,1
DA:450,1
DA:451,1
DA:452,1
DA:453,1
DA:454,1
DA:457,1
DA:458,1
DA:459,1
DA:462,1
DA:467,6
DA:468,6
DA:469,6
DA:470,6
DA:471,6
DA:472,6
DA:478,6
DA:479,6
DA:480,6
DA:483,6
DA:484,6
DA:488,1
DA:491,1
DA:493,1
DA:494,1
DA:495,1
DA:496,1
DA:497,1
DA:499,1
DA:501,1
DA:502,1
DA:503,1
DA:504,1
DA:505,1
DA:506,1
DA:507,1
DA:508,1
DA:509,1
DA:512,1
DA:514,1
DA:515,1
DA:516,1
DA:517,1
DA:518,1
DA:520,1
DA:522,1
DA:523,1
DA:524,1
DA:525,1
DA:526,1
DA:527,1
DA:528,1
DA:531,1
DA:533,1
DA:534,1
DA:535,1
DA:536,1
DA:537,1
DA:538,1
DA:539,1
DA:540,1
DA:541,1
DA:542,1
DA:543,1
DA:546,1
DA:548,1
DA:549,1
DA:550,1
DA:551,1
DA:552,1
DA:553,1
DA:554,1
DA:555,1
DA:556,1
DA:557,1
DA:558,1
DA:559,1
DA:560,1
DA:561,1
DA:562,1
DA:565,1
DA:567,1
DA:568,1
DA:569,1
DA:570,1
DA:571,1
DA:572,1
DA:573,1
DA:574,1
DA:575,1
DA:576,1
DA:577,1
DA:578,1
DA:579,1
DA:582,1
DA:585,1
DA:586,1
DA:587,1
DA:588,1
DA:589,1
DA:591,1
DA:592,1
DA:593,1
DA:594,1
DA:595,1
DA:596,1
DA:597,1
DA:598,1
DA:601,1
DA:604,1
DA:606,1
DA:607,1
DA:608,100001
DA:609,100001
DA:610,100001
DA:611,100001
DA:615,1
DA:616,1
DA:618,1
DA:619,1
DA:621,0
DA:624,1
DA:627,1
DA:628,1
DA:629,1
DA:632,1
DA:633,1
DA:634,1
DA:637,1
DA:638,1
DA:639,1
DA:640,1
DA:643,1
DA:644,1
DA:645,1
DA:648,1
DA:649,1
DA:650,1
DA:651,1
BRF:0
BRH:0
LF:340
LH:301
end_of_record
SF:/Users/ekhodzitsky/Documents/personal/gigastt/crates/gigastt/src/server/ws.rs
FN:27,_RNvNtNtCsbd9nAVVXtRC_7gigastt6server2ws10ws_handler
FN:436,_RNvNtNtCsbd9nAVVXtRC_7gigastt6server2ws15flush_and_final
FN:453,_RNvNtNtCsbd9nAVVXtRC_7gigastt6server2ws15handle_ws_inner
FN:185,_RNvNtNtCsbd9nAVVXtRC_7gigastt6server2ws19handle_binary_frame
FN:411,_RNvNtNtCsbd9nAVVXtRC_7gigastt6server2ws19handle_stop_message
FN:169,_RNvNtNtCsbd9nAVVXtRC_7gigastt6server2ws19send_server_message
FN:339,_RNvNtNtCsbd9nAVVXtRC_7gigastt6server2ws24handle_configure_message
FN:78,_RNvNtNtCsbd9nAVVXtRC_7gigastt6server2ws9handle_ws
FN:84,_RNvXNCNvNtNtCsbd9nAVVXtRC_7gigastt6server2ws9handle_ws0NtB2_14WsMetricsGuardNtNtNtCsl8K0bEFm1U0_4core3ops4drop4Drop4drop
FN:67,_RNCNCNCNvNtNtCsbd9nAVVXtRC_7gigastt6server2ws10ws_handler0s_00Bb_
FN:269,_RNCNCNCNvNtNtCsbd9nAVVXtRC_7gigastt6server2ws19handle_binary_frame0s1_00Bb_
FN:56,_RNCNCNvNtNtCsbd9nAVVXtRC_7gigastt6server2ws10ws_handler00B9_
FN:64,_RNCNCNvNtNtCsbd9nAVVXtRC_7gigastt6server2ws10ws_handler0s_0B9_
FN:443,_RNCNCNvNtNtCsbd9nAVVXtRC_7gigastt6server2ws15flush_and_final00B9_
FN:241,_RNCNCNvNtNtCsbd9nAVVXtRC_7gigastt6server2ws19handle_binary_frame00B9_
FN:255,_RNCNCNvNtNtCsbd9nAVVXtRC_7gigastt6server2ws19handle_binary_frame0s0_0B9_
FN:262,_RNCNCNvNtNtCsbd9nAVVXtRC_7gigastt6server2ws19handle_binary_frame0s1_0B9_
FN:254,_RNCNCNvNtNtCsbd9nAVVXtRC_7gigastt6server2ws19handle_binary_frame0s_0B9_
FN:32,_RNCNvNtNtCsbd9nAVVXtRC_7gigastt6server2ws10ws_handler0B7_
FN:440,_RNCNvNtNtCsbd9nAVVXtRC_7gigastt6server2ws15flush_and_final0B7_
FN:460,_RNCNvNtNtCsbd9nAVVXtRC_7gigastt6server2ws15handle_ws_inner0B7_
FN:197,_RNCNvNtNtCsbd9nAVVXtRC_7gigastt6server2ws19handle_binary_frame0B7_
FN:416,_RNCNvNtNtCsbd9nAVVXtRC_7gigastt6server2ws19handle_stop_message0B7_
FN:169,_RNCNvNtNtCsbd9nAVVXtRC_7gigastt6server2ws19send_server_message0B7_
FN:349,_RNCNvNtNtCsbd9nAVVXtRC_7gigastt6server2ws24handle_configure_message0B7_
FN:78,_RNCNvNtNtCsbd9nAVVXtRC_7gigastt6server2ws9handle_ws0B7_
FN:687,_RNvNtNtNtCsk023ZLJrxN2_7gigastt6server2ws5testss_50test_catch_unwind_preserves_ownership_across_panic
FN:698,_RNCNvNtNtNtCsk023ZLJrxN2_7gigastt6server2ws5testss_50test_catch_unwind_preserves_ownership_across_panic0B9_
FN:67,_RNCNCNCNvNtNtCsk023ZLJrxN2_7gigastt6server2ws10ws_handler0s_00Bb_
FN:269,_RNCNCNCNvNtNtCsk023ZLJrxN2_7gigastt6server2ws19handle_binary_frame0s1_00Bb_
FN:56,_RNCNCNvNtNtCsk023ZLJrxN2_7gigastt6server2ws10ws_handler00B9_
FN:64,_RNCNCNvNtNtCsk023ZLJrxN2_7gigastt6server2ws10ws_handler0s_0B9_
FN:443,_RNCNCNvNtNtCsk023ZLJrxN2_7gigastt6server2ws15flush_and_final00B9_
FN:241,_RNCNCNvNtNtCsk023ZLJrxN2_7gigastt6server2ws19handle_binary_frame00B9_
FN:255,_RNCNCNvNtNtCsk023ZLJrxN2_7gigastt6server2ws19handle_binary_frame0s0_0B9_
FN:262,_RNCNCNvNtNtCsk023ZLJrxN2_7gigastt6server2ws19handle_binary_frame0s1_0B9_
FN:254,_RNCNCNvNtNtCsk023ZLJrxN2_7gigastt6server2ws19handle_binary_frame0s_0B9_
FN:32,_RNCNvNtNtCsk023ZLJrxN2_7gigastt6server2ws10ws_handler0B7_
FN:440,_RNCNvNtNtCsk023ZLJrxN2_7gigastt6server2ws15flush_and_final0B7_
FN:460,_RNCNvNtNtCsk023ZLJrxN2_7gigastt6server2ws15handle_ws_inner0B7_
FN:197,_RNCNvNtNtCsk023ZLJrxN2_7gigastt6server2ws19handle_binary_frame0B7_
FN:416,_RNCNvNtNtCsk023ZLJrxN2_7gigastt6server2ws19handle_stop_message0B7_
FN:169,_RNCNvNtNtCsk023ZLJrxN2_7gigastt6server2ws19send_server_message0B7_
FN:349,_RNCNvNtNtCsk023ZLJrxN2_7gigastt6server2ws24handle_configure_message0B7_
FN:78,_RNCNvNtNtCsk023ZLJrxN2_7gigastt6server2ws9handle_ws0B7_
FN:84,_RNvXNCNvNtNtCsk023ZLJrxN2_7gigastt6server2ws9handle_ws0NtB2_14WsMetricsGuardNtNtNtCsl8K0bEFm1U0_4core3ops4drop4Drop4drop
FN:27,_RNvNtNtCsk023ZLJrxN2_7gigastt6server2ws10ws_handler
FN:436,_RNvNtNtCsk023ZLJrxN2_7gigastt6server2ws15flush_and_final
FN:453,_RNvNtNtCsk023ZLJrxN2_7gigastt6server2ws15handle_ws_inner
FN:185,_RNvNtNtCsk023ZLJrxN2_7gigastt6server2ws19handle_binary_frame
FN:411,_RNvNtNtCsk023ZLJrxN2_7gigastt6server2ws19handle_stop_message
FN:169,_RNvNtNtCsk023ZLJrxN2_7gigastt6server2ws19send_server_message
FN:339,_RNvNtNtCsk023ZLJrxN2_7gigastt6server2ws24handle_configure_message
FN:78,_RNvNtNtCsk023ZLJrxN2_7gigastt6server2ws9handle_ws
FNDA:0,_RNvNtNtCsbd9nAVVXtRC_7gigastt6server2ws10ws_handler
FNDA:0,_RNvNtNtCsbd9nAVVXtRC_7gigastt6server2ws15flush_and_final
FNDA:0,_RNvNtNtCsbd9nAVVXtRC_7gigastt6server2ws15handle_ws_inner
FNDA:0,_RNvNtNtCsbd9nAVVXtRC_7gigastt6server2ws19handle_binary_frame
FNDA:0,_RNvNtNtCsbd9nAVVXtRC_7gigastt6server2ws19handle_stop_message
FNDA:0,_RNvNtNtCsbd9nAVVXtRC_7gigastt6server2ws19send_server_message
FNDA:0,_RNvNtNtCsbd9nAVVXtRC_7gigastt6server2ws24handle_configure_message
FNDA:0,_RNvNtNtCsbd9nAVVXtRC_7gigastt6server2ws9handle_ws
FNDA:0,_RNvXNCNvNtNtCsbd9nAVVXtRC_7gigastt6server2ws9handle_ws0NtB2_14WsMetricsGuardNtNtNtCsl8K0bEFm1U0_4core3ops4drop4Drop4drop
FNDA:0,_RNCNCNCNvNtNtCsbd9nAVVXtRC_7gigastt6server2ws10ws_handler0s_00Bb_
FNDA:0,_RNCNCNCNvNtNtCsbd9nAVVXtRC_7gigastt6server2ws19handle_binary_frame0s1_00Bb_
FNDA:0,_RNCNCNvNtNtCsbd9nAVVXtRC_7gigastt6server2ws10ws_handler00B9_
FNDA:0,_RNCNCNvNtNtCsbd9nAVVXtRC_7gigastt6server2ws10ws_handler0s_0B9_
FNDA:0,_RNCNCNvNtNtCsbd9nAVVXtRC_7gigastt6server2ws15flush_and_final00B9_
FNDA:0,_RNCNCNvNtNtCsbd9nAVVXtRC_7gigastt6server2ws19handle_binary_frame00B9_
FNDA:0,_RNCNCNvNtNtCsbd9nAVVXtRC_7gigastt6server2ws19handle_binary_frame0s0_0B9_
FNDA:0,_RNCNCNvNtNtCsbd9nAVVXtRC_7gigastt6server2ws19handle_binary_frame0s1_0B9_
FNDA:0,_RNCNCNvNtNtCsbd9nAVVXtRC_7gigastt6server2ws19handle_binary_frame0s_0B9_
FNDA:0,_RNCNvNtNtCsbd9nAVVXtRC_7gigastt6server2ws10ws_handler0B7_
FNDA:0,_RNCNvNtNtCsbd9nAVVXtRC_7gigastt6server2ws15flush_and_final0B7_
FNDA:0,_RNCNvNtNtCsbd9nAVVXtRC_7gigastt6server2ws15handle_ws_inner0B7_
FNDA:0,_RNCNvNtNtCsbd9nAVVXtRC_7gigastt6server2ws19handle_binary_frame0B7_
FNDA:0,_RNCNvNtNtCsbd9nAVVXtRC_7gigastt6server2ws19handle_stop_message0B7_
FNDA:0,_RNCNvNtNtCsbd9nAVVXtRC_7gigastt6server2ws19send_server_message0B7_
FNDA:0,_RNCNvNtNtCsbd9nAVVXtRC_7gigastt6server2ws24handle_configure_message0B7_
FNDA:0,_RNCNvNtNtCsbd9nAVVXtRC_7gigastt6server2ws9handle_ws0B7_
FNDA:1,_RNvNtNtNtCsk023ZLJrxN2_7gigastt6server2ws5testss_50test_catch_unwind_preserves_ownership_across_panic
FNDA:1,_RNCNvNtNtNtCsk023ZLJrxN2_7gigastt6server2ws5testss_50test_catch_unwind_preserves_ownership_across_panic0B9_
FNDA:0,_RNCNCNCNvNtNtCsk023ZLJrxN2_7gigastt6server2ws10ws_handler0s_00Bb_
FNDA:0,_RNCNCNCNvNtNtCsk023ZLJrxN2_7gigastt6server2ws19handle_binary_frame0s1_00Bb_
FNDA:0,_RNCNCNvNtNtCsk023ZLJrxN2_7gigastt6server2ws10ws_handler00B9_
FNDA:0,_RNCNCNvNtNtCsk023ZLJrxN2_7gigastt6server2ws10ws_handler0s_0B9_
FNDA:0,_RNCNCNvNtNtCsk023ZLJrxN2_7gigastt6server2ws15flush_and_final00B9_
FNDA:0,_RNCNCNvNtNtCsk023ZLJrxN2_7gigastt6server2ws19handle_binary_frame00B9_
FNDA:0,_RNCNCNvNtNtCsk023ZLJrxN2_7gigastt6server2ws19handle_binary_frame0s0_0B9_
FNDA:0,_RNCNCNvNtNtCsk023ZLJrxN2_7gigastt6server2ws19handle_binary_frame0s1_0B9_
FNDA:0,_RNCNCNvNtNtCsk023ZLJrxN2_7gigastt6server2ws19handle_binary_frame0s_0B9_
FNDA:0,_RNCNvNtNtCsk023ZLJrxN2_7gigastt6server2ws10ws_handler0B7_
FNDA:0,_RNCNvNtNtCsk023ZLJrxN2_7gigastt6server2ws15flush_and_final0B7_
FNDA:0,_RNCNvNtNtCsk023ZLJrxN2_7gigastt6server2ws15handle_ws_inner0B7_
FNDA:0,_RNCNvNtNtCsk023ZLJrxN2_7gigastt6server2ws19handle_binary_frame0B7_
FNDA:0,_RNCNvNtNtCsk023ZLJrxN2_7gigastt6server2ws19handle_stop_message0B7_
FNDA:0,_RNCNvNtNtCsk023ZLJrxN2_7gigastt6server2ws19send_server_message0B7_
FNDA:0,_RNCNvNtNtCsk023ZLJrxN2_7gigastt6server2ws24handle_configure_message0B7_
FNDA:0,_RNCNvNtNtCsk023ZLJrxN2_7gigastt6server2ws9handle_ws0B7_
FNDA:0,_RNvXNCNvNtNtCsk023ZLJrxN2_7gigastt6server2ws9handle_ws0NtB2_14WsMetricsGuardNtNtNtCsl8K0bEFm1U0_4core3ops4drop4Drop4drop
FNDA:0,_RNvNtNtCsk023ZLJrxN2_7gigastt6server2ws10ws_handler
FNDA:0,_RNvNtNtCsk023ZLJrxN2_7gigastt6server2ws15flush_and_final
FNDA:0,_RNvNtNtCsk023ZLJrxN2_7gigastt6server2ws15handle_ws_inner
FNDA:0,_RNvNtNtCsk023ZLJrxN2_7gigastt6server2ws19handle_binary_frame
FNDA:0,_RNvNtNtCsk023ZLJrxN2_7gigastt6server2ws19handle_stop_message
FNDA:0,_RNvNtNtCsk023ZLJrxN2_7gigastt6server2ws19send_server_message
FNDA:0,_RNvNtNtCsk023ZLJrxN2_7gigastt6server2ws24handle_configure_message
FNDA:0,_RNvNtNtCsk023ZLJrxN2_7gigastt6server2ws9handle_ws
FNF:28
FNH:2
DA:27,0
DA:28,0
DA:29,0
DA:30,0
DA:31,0
DA:32,0
DA:40,0
DA:43,0
DA:44,0
DA:45,0
DA:46,0
DA:47,0
DA:48,0
DA:49,0
DA:50,0
DA:51,0
DA:52,0
DA:54,0
DA:55,0
DA:56,0
DA:57,0
DA:58,0
DA:60,0
DA:61,0
DA:62,0
DA:63,0
DA:64,0
DA:66,0
DA:67,0
DA:68,0
DA:69,0
DA:70,0
DA:71,0
DA:72,0
DA:73,0
DA:74,0
DA:75,0
DA:76,0
DA:78,0
DA:79,0
DA:80,0
DA:81,0
DA:84,0
DA:85,0
DA:86,0
DA:87,0
DA:88,0
DA:90,0
DA:91,0
DA:95,0
DA:97,0
DA:98,0
DA:99,0
DA:100,0
DA:101,0
DA:102,0
DA:103,0
DA:104,0
DA:105,0
DA:106,0
DA:108,0
DA:109,0
DA:110,0
DA:111,0
DA:112,0
DA:113,0
DA:114,0
DA:115,0
DA:116,0
DA:117,0
DA:118,0
DA:119,0
DA:120,0
DA:121,0
DA:122,0
DA:125,0
DA:126,0
DA:127,0
DA:128,0
DA:129,0
DA:130,0
DA:131,0
DA:132,0
DA:133,0
DA:134,0
DA:135,0
DA:136,0
DA:137,0
DA:138,0
DA:143,0
DA:144,0
DA:145,0
DA:146,0
DA:147,0
DA:148,0
DA:149,0
DA:150,0
DA:152,0
DA:153,0
DA:154,0
DA:155,0
DA:156,0
DA:157,0
DA:158,0
DA:159,0
DA:160,0
DA:161,0
DA:162,0
DA:163,0
DA:164,0
DA:165,0
DA:169,0
DA:170,0
DA:171,0
DA:172,0
DA:173,0
DA:185,0
DA:186,0
DA:187,0
DA:188,0
DA:189,0
DA:190,0
DA:191,0
DA:192,0
DA:193,0
DA:194,0
DA:195,0
DA:196,0
DA:197,0
DA:198,0
DA:199,0
DA:200,0
DA:201,0
DA:202,0
DA:203,0
DA:204,0
DA:205,0
DA:206,0
DA:207,0
DA:208,0
DA:209,0
DA:210,0
DA:211,0
DA:212,0
DA:213,0
DA:214,0
DA:215,0
DA:216,0
DA:219,0
DA:220,0
DA:221,0
DA:225,0
DA:226,0
DA:227,0
DA:228,0
DA:230,0
DA:231,0
DA:233,0
DA:235,0
DA:236,0
DA:237,0
DA:239,0
DA:240,0
DA:241,0
DA:242,0
DA:243,0
DA:244,0
DA:245,0
DA:246,0
DA:247,0
DA:248,0
DA:249,0
DA:252,0
DA:253,0
DA:254,0
DA:255,0
DA:256,0
DA:257,0
DA:258,0
DA:260,0
DA:261,0
DA:262,0
DA:263,0
DA:267,0
DA:268,0
DA:269,0
DA:270,0
DA:271,0
DA:272,0
DA:273,0
DA:274,0
DA:276,0
DA:277,0
DA:278,0
DA:279,0
DA:280,0
DA:281,0
DA:282,0
DA:284,0
DA:286,0
DA:288,0
DA:290,0
DA:291,0
DA:292,0
DA:293,0
DA:294,0
DA:295,0
DA:296,0
DA:297,0
DA:298,0
DA:299,0
DA:300,0
DA:301,0
DA:302,0
DA:303,0
DA:305,0
DA:309,0
DA:312,0
DA:313,0
DA:314,0
DA:315,0
DA:316,0
DA:317,0
DA:318,0
DA:319,0
DA:320,0
DA:321,0
DA:322,0
DA:323,0
DA:325,0
DA:329,0
DA:330,0
DA:333,0
DA:339,0
DA:340,0
DA:341,0
DA:342,0
DA:343,0
DA:344,0
DA:345,0
DA:346,0
DA:347,0
DA:348,0
DA:349,0
DA:350,0
DA:351,0
DA:352,0
DA:353,0
DA:354,0
DA:355,0
DA:356,0
DA:357,0
DA:358,0
DA:359,0
DA:360,0
DA:361,0
DA:362,0
DA:363,0
DA:365,0
DA:366,0
DA:367,0
DA:368,0
DA:369,0
DA:370,0
DA:371,0
DA:372,0
DA:373,0
DA:374,0
DA:375,0
DA:376,0
DA:377,0
DA:378,0
DA:379,0
DA:380,0
DA:381,0
DA:382,0
DA:384,0
DA:385,0
DA:386,0
DA:387,0
DA:388,0
DA:389,0
DA:390,0
DA:391,0
DA:392,0
DA:393,0
DA:394,0
DA:396,0
DA:398,0
DA:399,0
DA:400,0
DA:401,0
DA:406,0
DA:407,0
DA:411,0
DA:412,0
DA:413,0
DA:414,0
DA:415,0
DA:416,0
DA:417,0
DA:418,0
DA:419,0
DA:421,0
DA:422,0
DA:423,0
DA:424,0
DA:426,0
DA:428,0
DA:429,0
DA:430,0
DA:436,0
DA:437,0
DA:438,0
DA:439,0
DA:440,0
DA:441,0
DA:442,0
DA:443,0
DA:444,0
DA:445,0
DA:446,0
DA:448,0
DA:449,0
DA:453,0
DA:454,0
DA:455,0
DA:456,0
DA:457,0
DA:458,0
DA:459,0
DA:460,0
DA:461,0
DA:462,0
DA:465,0
DA:469,0
DA:470,0
DA:471,0
DA:472,0
DA:473,0
DA:474,0
DA:475,0
DA:476,0
DA:477,0
DA:479,0
DA:480,0
DA:481,0
DA:482,0
DA:483,0
DA:487,0
DA:488,0
DA:490,0
DA:497,0
DA:498,0
DA:500,0
DA:503,0
DA:512,0
DA:513,0
DA:514,0
DA:515,0
DA:516,0
DA:517,0
DA:518,0
DA:519,0
DA:520,0
DA:521,0
DA:522,0
DA:523,0
DA:524,0
DA:529,0
DA:530,0
DA:531,0
DA:532,0
DA:533,0
DA:534,0
DA:535,0
DA:537,0
DA:538,0
DA:539,0
DA:540,0
DA:541,0
DA:542,0
DA:543,0
DA:544,0
DA:545,0
DA:546,0
DA:548,0
DA:554,0
DA:555,0
DA:558,0
DA:559,0
DA:560,0
DA:561,0
DA:562,0
DA:563,0
DA:564,0
DA:565,0
DA:568,0
DA:569,0
DA:574,0
DA:575,0
DA:576,0
DA:577,0
DA:578,0
DA:579,0
DA:580,0
DA:582,0
DA:583,0
DA:584,0
DA:585,0
DA:586,0
DA:587,0
DA:588,0
DA:589,0
DA:590,0
DA:593,0
DA:594,0
DA:595,0
DA:596,0
DA:597,0
DA:599,0
DA:603,0
DA:604,0
DA:605,0
DA:606,0
DA:607,0
DA:608,0
DA:609,0
DA:610,0
DA:611,0
DA:612,0
DA:613,0
DA:614,0
DA:615,0
DA:619,0
DA:620,0
DA:621,0
DA:622,0
DA:623,0
DA:624,0
DA:625,0
DA:626,0
DA:627,0
DA:628,0
DA:629,0
DA:630,0
DA:631,0
DA:632,0
DA:633,0
DA:634,0
DA:636,0
DA:638,0
DA:639,0
DA:640,0
DA:642,0
DA:643,0
DA:644,0
DA:645,0
DA:646,0
DA:647,0
DA:648,0
DA:649,0
DA:650,0
DA:651,0
DA:652,0
DA:653,0
DA:656,0
DA:658,0
DA:660,0
DA:662,0
DA:664,0
DA:667,0
DA:668,0
DA:671,0
DA:672,0
DA:673,0
DA:674,0
DA:680,0
DA:681,0
DA:682,0
DA:687,1
DA:695,1
DA:696,1
DA:698,1
DA:699,1
DA:700,1
DA:701,1
DA:704,1
DA:705,1
DA:706,1
DA:710,1
BRF:0
BRH:0
LF:509
LH:12
end_of_record